{"D:\\code\\HTML\\New folder\\backend\\server.js": {"path":"D:\\code\\HTML\\New folder\\backend\\server.js","statementMap":{"0":{"start":{"line":1,"column":16},"end":{"line":1,"column":34}},"1":{"start":{"line":2,"column":13},"end":{"line":2,"column":28}},"2":{"start":{"line":3,"column":15},"end":{"line":3,"column":32}},"3":{"start":{"line":5,"column":0},"end":{"line":5,"column":16}},"4":{"start":{"line":7,"column":19},"end":{"line":7,"column":47}},"5":{"start":{"line":8,"column":18},"end":{"line":8,"column":46}},"6":{"start":{"line":9,"column":22},"end":{"line":9,"column":54}},"7":{"start":{"line":10,"column":23},"end":{"line":10,"column":56}},"8":{"start":{"line":11,"column":20},"end":{"line":11,"column":50}},"9":{"start":{"line":12,"column":22},"end":{"line":12,"column":54}},"10":{"start":{"line":13,"column":23},"end":{"line":13,"column":56}},"11":{"start":{"line":15,"column":12},"end":{"line":15,"column":21}},"12":{"start":{"line":17,"column":0},"end":{"line":17,"column":16}},"13":{"start":{"line":18,"column":0},"end":{"line":18,"column":24}},"14":{"start":{"line":19,"column":0},"end":{"line":19,"column":48}},"15":{"start":{"line":22,"column":0},"end":{"line":22,"column":47}},"16":{"start":{"line":24,"column":0},"end":{"line":24,"column":34}},"17":{"start":{"line":25,"column":0},"end":{"line":27,"column":3}},"18":{"start":{"line":26,"column":2},"end":{"line":26,"column":41}},"19":{"start":{"line":29,"column":0},"end":{"line":29,"column":34}},"20":{"start":{"line":30,"column":0},"end":{"line":30,"column":33}},"21":{"start":{"line":31,"column":0},"end":{"line":31,"column":40}},"22":{"start":{"line":32,"column":0},"end":{"line":32,"column":43}},"23":{"start":{"line":33,"column":0},"end":{"line":33,"column":37}},"24":{"start":{"line":34,"column":0},"end":{"line":34,"column":41}},"25":{"start":{"line":35,"column":0},"end":{"line":35,"column":42}},"26":{"start":{"line":36,"column":0},"end":{"line":36,"column":47}},"27":{"start":{"line":37,"column":13},"end":{"line":37,"column":37}},"28":{"start":{"line":39,"column":0},"end":{"line":41,"column":3}},"29":{"start":{"line":40,"column":2},"end":{"line":40,"column":51}},"30":{"start":{"line":43,"column":0},"end":{"line":43,"column":21}}},"fnMap":{"0":{"name":"(anonymous_0)","decl":{"start":{"line":25,"column":13},"end":{"line":25,"column":14}},"loc":{"start":{"line":25,"column":28},"end":{"line":27,"column":1}},"line":25},"1":{"name":"(anonymous_1)","decl":{"start":{"line":39,"column":17},"end":{"line":39,"column":18}},"loc":{"start":{"line":39,"column":23},"end":{"line":41,"column":1}},"line":39}},"branchMap":{"0":{"loc":{"start":{"line":37,"column":13},"end":{"line":37,"column":37}},"type":"binary-expr","locations":[{"start":{"line":37,"column":13},"end":{"line":37,"column":29}},{"start":{"line":37,"column":33},"end":{"line":37,"column":37}}],"line":37}},"s":{"0":1,"1":1,"2":1,"3":1,"4":1,"5":1,"6":1,"7":1,"8":1,"9":1,"10":1,"11":1,"12":1,"13":1,"14":1,"15":1,"16":1,"17":1,"18":0,"19":1,"20":1,"21":1,"22":1,"23":1,"24":1,"25":1,"26":1,"27":1,"28":1,"29":1,"30":1},"f":{"0":0,"1":1},"b":{"0":[1,0]},"_coverageSchema":"1a1c01bbd47fc00a2c39e90264f33305004495a9","hash":"b597397ef029e3ecd75a326880ab0607644e1e70"}
,"D:\\code\\HTML\\New folder\\backend\\controller\\dashboardController.js": {"path":"D:\\code\\HTML\\New folder\\backend\\controller\\dashboardController.js","statementMap":{"0":{"start":{"line":6,"column":4},"end":{"line":6,"column":38}},"1":{"start":{"line":9,"column":25},"end":{"line":20,"column":1}},"2":{"start":{"line":10,"column":2},"end":{"line":19,"column":3}},"3":{"start":{"line":11,"column":17},"end":{"line":11,"column":60}},"4":{"start":{"line":13,"column":4},"end":{"line":13,"column":31}},"5":{"start":{"line":16,"column":4},"end":{"line":18,"column":7}},"6":{"start":{"line":23,"column":20},"end":{"line":34,"column":1}},"7":{"start":{"line":24,"column":2},"end":{"line":33,"column":3}},"8":{"start":{"line":25,"column":17},"end":{"line":25,"column":55}},"9":{"start":{"line":27,"column":4},"end":{"line":27,"column":31}},"10":{"start":{"line":30,"column":4},"end":{"line":32,"column":7}},"11":{"start":{"line":37,"column":22},"end":{"line":48,"column":1}},"12":{"start":{"line":38,"column":2},"end":{"line":47,"column":3}},"13":{"start":{"line":39,"column":17},"end":{"line":39,"column":57}},"14":{"start":{"line":41,"column":4},"end":{"line":41,"column":31}},"15":{"start":{"line":44,"column":4},"end":{"line":46,"column":7}},"16":{"start":{"line":51,"column":22},"end":{"line":62,"column":1}},"17":{"start":{"line":52,"column":2},"end":{"line":61,"column":3}},"18":{"start":{"line":53,"column":17},"end":{"line":53,"column":57}},"19":{"start":{"line":55,"column":4},"end":{"line":55,"column":31}},"20":{"start":{"line":58,"column":4},"end":{"line":60,"column":7}},"21":{"start":{"line":65,"column":0},"end":{"line":70,"column":2}}},"fnMap":{"0":{"name":"(anonymous_0)","decl":{"start":{"line":9,"column":25},"end":{"line":9,"column":26}},"loc":{"start":{"line":9,"column":45},"end":{"line":20,"column":1}},"line":9},"1":{"name":"(anonymous_1)","decl":{"start":{"line":23,"column":20},"end":{"line":23,"column":21}},"loc":{"start":{"line":23,"column":40},"end":{"line":34,"column":1}},"line":23},"2":{"name":"(anonymous_2)","decl":{"start":{"line":37,"column":22},"end":{"line":37,"column":23}},"loc":{"start":{"line":37,"column":42},"end":{"line":48,"column":1}},"line":37},"3":{"name":"(anonymous_3)","decl":{"start":{"line":51,"column":22},"end":{"line":51,"column":23}},"loc":{"start":{"line":51,"column":42},"end":{"line":62,"column":1}},"line":51}},"branchMap":{},"s":{"0":1,"1":1,"2":0,"3":0,"4":0,"5":0,"6":1,"7":0,"8":0,"9":0,"10":0,"11":1,"12":0,"13":0,"14":0,"15":0,"16":1,"17":0,"18":0,"19":0,"20":0,"21":1},"f":{"0":0,"1":0,"2":0,"3":0},"b":{},"_coverageSchema":"1a1c01bbd47fc00a2c39e90264f33305004495a9","hash":"6ad6dc2c0e2be15bb70a9d8ad25ba47f8677ebfc"}
,"D:\\code\\HTML\\New folder\\backend\\controller\\goalController.js": {"path":"D:\\code\\HTML\\New folder\\backend\\controller\\goalController.js","statementMap":{"0":{"start":{"line":7,"column":4},"end":{"line":7,"column":33}},"1":{"start":{"line":10,"column":29},"end":{"line":37,"column":1}},"2":{"start":{"line":11,"column":2},"end":{"line":36,"column":3}},"3":{"start":{"line":12,"column":61},"end":{"line":12,"column":69}},"4":{"start":{"line":13,"column":4},"end":{"line":17,"column":5}},"5":{"start":{"line":14,"column":6},"end":{"line":16,"column":9}},"6":{"start":{"line":19,"column":17},"end":{"line":26,"column":5}},"7":{"start":{"line":28,"column":4},"end":{"line":31,"column":7}},"8":{"start":{"line":33,"column":4},"end":{"line":35,"column":7}},"9":{"start":{"line":40,"column":17},"end":{"line":50,"column":1}},"10":{"start":{"line":41,"column":2},"end":{"line":49,"column":3}},"11":{"start":{"line":42,"column":18},"end":{"line":42,"column":56}},"12":{"start":{"line":44,"column":4},"end":{"line":44,"column":32}},"13":{"start":{"line":46,"column":4},"end":{"line":48,"column":7}},"14":{"start":{"line":53,"column":17},"end":{"line":92,"column":1}},"15":{"start":{"line":54,"column":2},"end":{"line":91,"column":3}},"16":{"start":{"line":55,"column":19},"end":{"line":55,"column":29}},"17":{"start":{"line":64,"column":8},"end":{"line":64,"column":16}},"18":{"start":{"line":66,"column":17},"end":{"line":75,"column":5}},"19":{"start":{"line":77,"column":4},"end":{"line":81,"column":5}},"20":{"start":{"line":78,"column":6},"end":{"line":80,"column":9}},"21":{"start":{"line":83,"column":4},"end":{"line":86,"column":7}},"22":{"start":{"line":88,"column":4},"end":{"line":90,"column":7}},"23":{"start":{"line":95,"column":19},"end":{"line":118,"column":1}},"24":{"start":{"line":96,"column":2},"end":{"line":117,"column":3}},"25":{"start":{"line":97,"column":19},"end":{"line":97,"column":29}},"26":{"start":{"line":99,"column":17},"end":{"line":102,"column":5}},"27":{"start":{"line":104,"column":4},"end":{"line":108,"column":5}},"28":{"start":{"line":105,"column":6},"end":{"line":107,"column":9}},"29":{"start":{"line":110,"column":4},"end":{"line":112,"column":7}},"30":{"start":{"line":114,"column":4},"end":{"line":116,"column":7}},"31":{"start":{"line":120,"column":25},"end":{"line":130,"column":1}},"32":{"start":{"line":121,"column":2},"end":{"line":129,"column":3}},"33":{"start":{"line":122,"column":21},"end":{"line":122,"column":60}},"34":{"start":{"line":124,"column":4},"end":{"line":124,"column":23}},"35":{"start":{"line":126,"column":4},"end":{"line":128,"column":7}},"36":{"start":{"line":132,"column":0},"end":{"line":138,"column":2}}},"fnMap":{"0":{"name":"(anonymous_0)","decl":{"start":{"line":10,"column":29},"end":{"line":10,"column":30}},"loc":{"start":{"line":10,"column":49},"end":{"line":37,"column":1}},"line":10},"1":{"name":"(anonymous_1)","decl":{"start":{"line":40,"column":17},"end":{"line":40,"column":18}},"loc":{"start":{"line":40,"column":37},"end":{"line":50,"column":1}},"line":40},"2":{"name":"(anonymous_2)","decl":{"start":{"line":53,"column":17},"end":{"line":53,"column":18}},"loc":{"start":{"line":53,"column":37},"end":{"line":92,"column":1}},"line":53},"3":{"name":"(anonymous_3)","decl":{"start":{"line":95,"column":19},"end":{"line":95,"column":20}},"loc":{"start":{"line":95,"column":39},"end":{"line":118,"column":1}},"line":95},"4":{"name":"(anonymous_4)","decl":{"start":{"line":120,"column":25},"end":{"line":120,"column":26}},"loc":{"start":{"line":120,"column":45},"end":{"line":130,"column":1}},"line":120}},"branchMap":{"0":{"loc":{"start":{"line":13,"column":4},"end":{"line":17,"column":5}},"type":"if","locations":[{"start":{"line":13,"column":4},"end":{"line":17,"column":5}},{"start":{},"end":{}}],"line":13},"1":{"loc":{"start":{"line":77,"column":4},"end":{"line":81,"column":5}},"type":"if","locations":[{"start":{"line":77,"column":4},"end":{"line":81,"column":5}},{"start":{},"end":{}}],"line":77},"2":{"loc":{"start":{"line":104,"column":4},"end":{"line":108,"column":5}},"type":"if","locations":[{"start":{"line":104,"column":4},"end":{"line":108,"column":5}},{"start":{},"end":{}}],"line":104}},"s":{"0":1,"1":1,"2":0,"3":0,"4":0,"5":0,"6":0,"7":0,"8":0,"9":1,"10":0,"11":0,"12":0,"13":0,"14":1,"15":0,"16":0,"17":0,"18":0,"19":0,"20":0,"21":0,"22":0,"23":1,"24":0,"25":0,"26":0,"27":0,"28":0,"29":0,"30":0,"31":1,"32":0,"33":0,"34":0,"35":0,"36":1},"f":{"0":0,"1":0,"2":0,"3":0,"4":0},"b":{"0":[0,0],"1":[0,0],"2":[0,0]},"_coverageSchema":"1a1c01bbd47fc00a2c39e90264f33305004495a9","hash":"b7e4468b29438c5739b833175434a8625873f771"}
,"D:\\code\\HTML\\New folder\\backend\\controller\\milestoneController.js": {"path":"D:\\code\\HTML\\New folder\\backend\\controller\\milestoneController.js","statementMap":{"0":{"start":{"line":8,"column":4},"end":{"line":8,"column":38}},"1":{"start":{"line":11,"column":21},"end":{"line":37,"column":1}},"2":{"start":{"line":12,"column":2},"end":{"line":36,"column":3}},"3":{"start":{"line":13,"column":41},"end":{"line":13,"column":49}},"4":{"start":{"line":15,"column":4},"end":{"line":19,"column":5}},"5":{"start":{"line":16,"column":6},"end":{"line":18,"column":9}},"6":{"start":{"line":21,"column":22},"end":{"line":25,"column":5}},"7":{"start":{"line":27,"column":4},"end":{"line":30,"column":7}},"8":{"start":{"line":33,"column":4},"end":{"line":35,"column":7}},"9":{"start":{"line":40,"column":22},"end":{"line":53,"column":1}},"10":{"start":{"line":41,"column":2},"end":{"line":52,"column":3}},"11":{"start":{"line":42,"column":23},"end":{"line":42,"column":33}},"12":{"start":{"line":44,"column":23},"end":{"line":44,"column":56}},"13":{"start":{"line":46,"column":4},"end":{"line":46,"column":37}},"14":{"start":{"line":49,"column":4},"end":{"line":51,"column":7}},"15":{"start":{"line":56,"column":21},"end":{"line":75,"column":1}},"16":{"start":{"line":57,"column":2},"end":{"line":74,"column":3}},"17":{"start":{"line":58,"column":19},"end":{"line":58,"column":29}},"18":{"start":{"line":60,"column":22},"end":{"line":60,"column":48}},"19":{"start":{"line":62,"column":4},"end":{"line":66,"column":5}},"20":{"start":{"line":63,"column":6},"end":{"line":65,"column":9}},"21":{"start":{"line":68,"column":4},"end":{"line":68,"column":36}},"22":{"start":{"line":71,"column":4},"end":{"line":73,"column":7}},"23":{"start":{"line":78,"column":22},"end":{"line":106,"column":1}},"24":{"start":{"line":79,"column":2},"end":{"line":105,"column":3}},"25":{"start":{"line":80,"column":19},"end":{"line":80,"column":29}},"26":{"start":{"line":81,"column":46},"end":{"line":81,"column":54}},"27":{"start":{"line":83,"column":22},"end":{"line":88,"column":5}},"28":{"start":{"line":90,"column":4},"end":{"line":94,"column":5}},"29":{"start":{"line":91,"column":6},"end":{"line":93,"column":9}},"30":{"start":{"line":96,"column":4},"end":{"line":99,"column":7}},"31":{"start":{"line":102,"column":4},"end":{"line":104,"column":7}},"32":{"start":{"line":109,"column":22},"end":{"line":131,"column":1}},"33":{"start":{"line":110,"column":2},"end":{"line":130,"column":3}},"34":{"start":{"line":111,"column":19},"end":{"line":111,"column":29}},"35":{"start":{"line":113,"column":22},"end":{"line":113,"column":49}},"36":{"start":{"line":115,"column":4},"end":{"line":119,"column":5}},"37":{"start":{"line":116,"column":6},"end":{"line":118,"column":9}},"38":{"start":{"line":121,"column":4},"end":{"line":124,"column":7}},"39":{"start":{"line":127,"column":4},"end":{"line":129,"column":7}},"40":{"start":{"line":134,"column":24},"end":{"line":155,"column":1}},"41":{"start":{"line":135,"column":2},"end":{"line":154,"column":3}},"42":{"start":{"line":136,"column":19},"end":{"line":136,"column":29}},"43":{"start":{"line":138,"column":22},"end":{"line":138,"column":47}},"44":{"start":{"line":140,"column":4},"end":{"line":144,"column":5}},"45":{"start":{"line":141,"column":6},"end":{"line":143,"column":9}},"46":{"start":{"line":146,"column":4},"end":{"line":148,"column":7}},"47":{"start":{"line":151,"column":4},"end":{"line":153,"column":7}},"48":{"start":{"line":157,"column":0},"end":{"line":164,"column":2}}},"fnMap":{"0":{"name":"(anonymous_0)","decl":{"start":{"line":11,"column":21},"end":{"line":11,"column":22}},"loc":{"start":{"line":11,"column":41},"end":{"line":37,"column":1}},"line":11},"1":{"name":"(anonymous_1)","decl":{"start":{"line":40,"column":22},"end":{"line":40,"column":23}},"loc":{"start":{"line":40,"column":42},"end":{"line":53,"column":1}},"line":40},"2":{"name":"(anonymous_2)","decl":{"start":{"line":56,"column":21},"end":{"line":56,"column":22}},"loc":{"start":{"line":56,"column":41},"end":{"line":75,"column":1}},"line":56},"3":{"name":"(anonymous_3)","decl":{"start":{"line":78,"column":22},"end":{"line":78,"column":23}},"loc":{"start":{"line":78,"column":42},"end":{"line":106,"column":1}},"line":78},"4":{"name":"(anonymous_4)","decl":{"start":{"line":109,"column":22},"end":{"line":109,"column":23}},"loc":{"start":{"line":109,"column":42},"end":{"line":131,"column":1}},"line":109},"5":{"name":"(anonymous_5)","decl":{"start":{"line":134,"column":24},"end":{"line":134,"column":25}},"loc":{"start":{"line":134,"column":44},"end":{"line":155,"column":1}},"line":134}},"branchMap":{"0":{"loc":{"start":{"line":15,"column":4},"end":{"line":19,"column":5}},"type":"if","locations":[{"start":{"line":15,"column":4},"end":{"line":19,"column":5}},{"start":{},"end":{}}],"line":15},"1":{"loc":{"start":{"line":15,"column":8},"end":{"line":15,"column":26}},"type":"binary-expr","locations":[{"start":{"line":15,"column":8},"end":{"line":15,"column":16}},{"start":{"line":15,"column":20},"end":{"line":15,"column":26}}],"line":15},"2":{"loc":{"start":{"line":62,"column":4},"end":{"line":66,"column":5}},"type":"if","locations":[{"start":{"line":62,"column":4},"end":{"line":66,"column":5}},{"start":{},"end":{}}],"line":62},"3":{"loc":{"start":{"line":90,"column":4},"end":{"line":94,"column":5}},"type":"if","locations":[{"start":{"line":90,"column":4},"end":{"line":94,"column":5}},{"start":{},"end":{}}],"line":90},"4":{"loc":{"start":{"line":115,"column":4},"end":{"line":119,"column":5}},"type":"if","locations":[{"start":{"line":115,"column":4},"end":{"line":119,"column":5}},{"start":{},"end":{}}],"line":115},"5":{"loc":{"start":{"line":140,"column":4},"end":{"line":144,"column":5}},"type":"if","locations":[{"start":{"line":140,"column":4},"end":{"line":144,"column":5}},{"start":{},"end":{}}],"line":140}},"s":{"0":1,"1":1,"2":0,"3":0,"4":0,"5":0,"6":0,"7":0,"8":0,"9":1,"10":0,"11":0,"12":0,"13":0,"14":0,"15":1,"16":0,"17":0,"18":0,"19":0,"20":0,"21":0,"22":0,"23":1,"24":0,"25":0,"26":0,"27":0,"28":0,"29":0,"30":0,"31":0,"32":1,"33":0,"34":0,"35":0,"36":0,"37":0,"38":0,"39":0,"40":1,"41":0,"42":0,"43":0,"44":0,"45":0,"46":0,"47":0,"48":1},"f":{"0":0,"1":0,"2":0,"3":0,"4":0,"5":0},"b":{"0":[0,0],"1":[0,0],"2":[0,0],"3":[0,0],"4":[0,0],"5":[0,0]},"_coverageSchema":"1a1c01bbd47fc00a2c39e90264f33305004495a9","hash":"11098aa740f4d54e5501eca1cb40ef80ef65cfaa"}
,"D:\\code\\HTML\\New folder\\backend\\controller\\progressController.js": {"path":"D:\\code\\HTML\\New folder\\backend\\controller\\progressController.js","statementMap":{"0":{"start":{"line":6,"column":4},"end":{"line":6,"column":37}},"1":{"start":{"line":8,"column":13},"end":{"line":8,"column":38}},"2":{"start":{"line":11,"column":23},"end":{"line":47,"column":1}},"3":{"start":{"line":12,"column":2},"end":{"line":46,"column":3}},"4":{"start":{"line":13,"column":47},"end":{"line":13,"column":55}},"5":{"start":{"line":15,"column":4},"end":{"line":19,"column":5}},"6":{"start":{"line":16,"column":6},"end":{"line":18,"column":9}},"7":{"start":{"line":21,"column":21},"end":{"line":25,"column":5}},"8":{"start":{"line":28,"column":4},"end":{"line":35,"column":5}},"9":{"start":{"line":29,"column":6},"end":{"line":34,"column":8}},"10":{"start":{"line":37,"column":4},"end":{"line":40,"column":7}},"11":{"start":{"line":43,"column":4},"end":{"line":45,"column":7}},"12":{"start":{"line":50,"column":20},"end":{"line":63,"column":1}},"13":{"start":{"line":51,"column":2},"end":{"line":62,"column":3}},"14":{"start":{"line":52,"column":23},"end":{"line":52,"column":33}},"15":{"start":{"line":54,"column":21},"end":{"line":54,"column":52}},"16":{"start":{"line":56,"column":4},"end":{"line":56,"column":35}},"17":{"start":{"line":59,"column":4},"end":{"line":61,"column":7}},"18":{"start":{"line":66,"column":21},"end":{"line":93,"column":1}},"19":{"start":{"line":67,"column":2},"end":{"line":92,"column":3}},"20":{"start":{"line":68,"column":19},"end":{"line":68,"column":29}},"21":{"start":{"line":69,"column":38},"end":{"line":69,"column":46}},"22":{"start":{"line":71,"column":21},"end":{"line":75,"column":5}},"23":{"start":{"line":77,"column":4},"end":{"line":81,"column":5}},"24":{"start":{"line":78,"column":6},"end":{"line":80,"column":9}},"25":{"start":{"line":83,"column":4},"end":{"line":86,"column":7}},"26":{"start":{"line":89,"column":4},"end":{"line":91,"column":7}},"27":{"start":{"line":96,"column":23},"end":{"line":117,"column":1}},"28":{"start":{"line":97,"column":2},"end":{"line":116,"column":3}},"29":{"start":{"line":98,"column":19},"end":{"line":98,"column":29}},"30":{"start":{"line":100,"column":21},"end":{"line":100,"column":45}},"31":{"start":{"line":102,"column":4},"end":{"line":106,"column":5}},"32":{"start":{"line":103,"column":6},"end":{"line":105,"column":9}},"33":{"start":{"line":108,"column":4},"end":{"line":110,"column":7}},"34":{"start":{"line":113,"column":4},"end":{"line":115,"column":7}},"35":{"start":{"line":119,"column":0},"end":{"line":124,"column":2}}},"fnMap":{"0":{"name":"(anonymous_0)","decl":{"start":{"line":11,"column":23},"end":{"line":11,"column":24}},"loc":{"start":{"line":11,"column":43},"end":{"line":47,"column":1}},"line":11},"1":{"name":"(anonymous_1)","decl":{"start":{"line":50,"column":20},"end":{"line":50,"column":21}},"loc":{"start":{"line":50,"column":40},"end":{"line":63,"column":1}},"line":50},"2":{"name":"(anonymous_2)","decl":{"start":{"line":66,"column":21},"end":{"line":66,"column":22}},"loc":{"start":{"line":66,"column":41},"end":{"line":93,"column":1}},"line":66},"3":{"name":"(anonymous_3)","decl":{"start":{"line":96,"column":23},"end":{"line":96,"column":24}},"loc":{"start":{"line":96,"column":43},"end":{"line":117,"column":1}},"line":96}},"branchMap":{"0":{"loc":{"start":{"line":15,"column":4},"end":{"line":19,"column":5}},"type":"if","locations":[{"start":{"line":15,"column":4},"end":{"line":19,"column":5}},{"start":{},"end":{}}],"line":15},"1":{"loc":{"start":{"line":15,"column":8},"end":{"line":15,"column":42}},"type":"binary-expr","locations":[{"start":{"line":15,"column":8},"end":{"line":15,"column":16}},{"start":{"line":15,"column":20},"end":{"line":15,"column":42}}],"line":15},"2":{"loc":{"start":{"line":28,"column":4},"end":{"line":35,"column":5}},"type":"if","locations":[{"start":{"line":28,"column":4},"end":{"line":35,"column":5}},{"start":{},"end":{}}],"line":28},"3":{"loc":{"start":{"line":77,"column":4},"end":{"line":81,"column":5}},"type":"if","locations":[{"start":{"line":77,"column":4},"end":{"line":81,"column":5}},{"start":{},"end":{}}],"line":77},"4":{"loc":{"start":{"line":102,"column":4},"end":{"line":106,"column":5}},"type":"if","locations":[{"start":{"line":102,"column":4},"end":{"line":106,"column":5}},{"start":{},"end":{}}],"line":102}},"s":{"0":1,"1":1,"2":1,"3":0,"4":0,"5":0,"6":0,"7":0,"8":0,"9":0,"10":0,"11":0,"12":1,"13":0,"14":0,"15":0,"16":0,"17":0,"18":1,"19":0,"20":0,"21":0,"22":0,"23":0,"24":0,"25":0,"26":0,"27":1,"28":0,"29":0,"30":0,"31":0,"32":0,"33":0,"34":0,"35":1},"f":{"0":0,"1":0,"2":0,"3":0},"b":{"0":[0,0],"1":[0,0],"2":[0,0],"3":[0,0],"4":[0,0]},"_coverageSchema":"1a1c01bbd47fc00a2c39e90264f33305004495a9","hash":"6b728e3d6825e5ca03b65fd274dbe5bb0ca0612e"}
,"D:\\code\\HTML\\New folder\\backend\\controller\\reminderController.js": {"path":"D:\\code\\HTML\\New folder\\backend\\controller\\reminderController.js","statementMap":{"0":{"start":{"line":8,"column":4},"end":{"line":8,"column":37}},"1":{"start":{"line":11,"column":20},"end":{"line":37,"column":1}},"2":{"start":{"line":12,"column":2},"end":{"line":36,"column":3}},"3":{"start":{"line":13,"column":39},"end":{"line":13,"column":47}},"4":{"start":{"line":15,"column":4},"end":{"line":19,"column":5}},"5":{"start":{"line":16,"column":6},"end":{"line":18,"column":9}},"6":{"start":{"line":21,"column":21},"end":{"line":25,"column":5}},"7":{"start":{"line":27,"column":4},"end":{"line":30,"column":7}},"8":{"start":{"line":33,"column":4},"end":{"line":35,"column":7}},"9":{"start":{"line":40,"column":21},"end":{"line":51,"column":1}},"10":{"start":{"line":41,"column":2},"end":{"line":50,"column":3}},"11":{"start":{"line":42,"column":22},"end":{"line":42,"column":64}},"12":{"start":{"line":44,"column":4},"end":{"line":44,"column":36}},"13":{"start":{"line":47,"column":4},"end":{"line":49,"column":7}},"14":{"start":{"line":54,"column":20},"end":{"line":73,"column":1}},"15":{"start":{"line":55,"column":2},"end":{"line":72,"column":3}},"16":{"start":{"line":56,"column":19},"end":{"line":56,"column":29}},"17":{"start":{"line":58,"column":21},"end":{"line":58,"column":46}},"18":{"start":{"line":60,"column":4},"end":{"line":64,"column":5}},"19":{"start":{"line":61,"column":6},"end":{"line":63,"column":9}},"20":{"start":{"line":66,"column":4},"end":{"line":66,"column":35}},"21":{"start":{"line":69,"column":4},"end":{"line":71,"column":7}},"22":{"start":{"line":76,"column":21},"end":{"line":103,"column":1}},"23":{"start":{"line":77,"column":2},"end":{"line":102,"column":3}},"24":{"start":{"line":78,"column":19},"end":{"line":78,"column":29}},"25":{"start":{"line":79,"column":41},"end":{"line":79,"column":49}},"26":{"start":{"line":81,"column":21},"end":{"line":85,"column":5}},"27":{"start":{"line":87,"column":4},"end":{"line":91,"column":5}},"28":{"start":{"line":88,"column":6},"end":{"line":90,"column":9}},"29":{"start":{"line":93,"column":4},"end":{"line":96,"column":7}},"30":{"start":{"line":99,"column":4},"end":{"line":101,"column":7}},"31":{"start":{"line":106,"column":29},"end":{"line":128,"column":1}},"32":{"start":{"line":107,"column":2},"end":{"line":127,"column":3}},"33":{"start":{"line":108,"column":19},"end":{"line":108,"column":29}},"34":{"start":{"line":110,"column":21},"end":{"line":110,"column":45}},"35":{"start":{"line":112,"column":4},"end":{"line":116,"column":5}},"36":{"start":{"line":113,"column":6},"end":{"line":115,"column":9}},"37":{"start":{"line":118,"column":4},"end":{"line":121,"column":7}},"38":{"start":{"line":124,"column":4},"end":{"line":126,"column":7}},"39":{"start":{"line":131,"column":23},"end":{"line":152,"column":1}},"40":{"start":{"line":132,"column":2},"end":{"line":151,"column":3}},"41":{"start":{"line":133,"column":19},"end":{"line":133,"column":29}},"42":{"start":{"line":135,"column":21},"end":{"line":135,"column":45}},"43":{"start":{"line":137,"column":4},"end":{"line":141,"column":5}},"44":{"start":{"line":138,"column":6},"end":{"line":140,"column":9}},"45":{"start":{"line":143,"column":4},"end":{"line":145,"column":7}},"46":{"start":{"line":148,"column":4},"end":{"line":150,"column":7}},"47":{"start":{"line":154,"column":0},"end":{"line":161,"column":2}}},"fnMap":{"0":{"name":"(anonymous_0)","decl":{"start":{"line":11,"column":20},"end":{"line":11,"column":21}},"loc":{"start":{"line":11,"column":40},"end":{"line":37,"column":1}},"line":11},"1":{"name":"(anonymous_1)","decl":{"start":{"line":40,"column":21},"end":{"line":40,"column":22}},"loc":{"start":{"line":40,"column":41},"end":{"line":51,"column":1}},"line":40},"2":{"name":"(anonymous_2)","decl":{"start":{"line":54,"column":20},"end":{"line":54,"column":21}},"loc":{"start":{"line":54,"column":40},"end":{"line":73,"column":1}},"line":54},"3":{"name":"(anonymous_3)","decl":{"start":{"line":76,"column":21},"end":{"line":76,"column":22}},"loc":{"start":{"line":76,"column":41},"end":{"line":103,"column":1}},"line":76},"4":{"name":"(anonymous_4)","decl":{"start":{"line":106,"column":29},"end":{"line":106,"column":30}},"loc":{"start":{"line":106,"column":49},"end":{"line":128,"column":1}},"line":106},"5":{"name":"(anonymous_5)","decl":{"start":{"line":131,"column":23},"end":{"line":131,"column":24}},"loc":{"start":{"line":131,"column":43},"end":{"line":152,"column":1}},"line":131}},"branchMap":{"0":{"loc":{"start":{"line":15,"column":4},"end":{"line":19,"column":5}},"type":"if","locations":[{"start":{"line":15,"column":4},"end":{"line":19,"column":5}},{"start":{},"end":{}}],"line":15},"1":{"loc":{"start":{"line":15,"column":8},"end":{"line":15,"column":34}},"type":"binary-expr","locations":[{"start":{"line":15,"column":8},"end":{"line":15,"column":16}},{"start":{"line":15,"column":20},"end":{"line":15,"column":34}}],"line":15},"2":{"loc":{"start":{"line":60,"column":4},"end":{"line":64,"column":5}},"type":"if","locations":[{"start":{"line":60,"column":4},"end":{"line":64,"column":5}},{"start":{},"end":{}}],"line":60},"3":{"loc":{"start":{"line":87,"column":4},"end":{"line":91,"column":5}},"type":"if","locations":[{"start":{"line":87,"column":4},"end":{"line":91,"column":5}},{"start":{},"end":{}}],"line":87},"4":{"loc":{"start":{"line":112,"column":4},"end":{"line":116,"column":5}},"type":"if","locations":[{"start":{"line":112,"column":4},"end":{"line":116,"column":5}},{"start":{},"end":{}}],"line":112},"5":{"loc":{"start":{"line":137,"column":4},"end":{"line":141,"column":5}},"type":"if","locations":[{"start":{"line":137,"column":4},"end":{"line":141,"column":5}},{"start":{},"end":{}}],"line":137}},"s":{"0":1,"1":1,"2":0,"3":0,"4":0,"5":0,"6":0,"7":0,"8":0,"9":1,"10":0,"11":0,"12":0,"13":0,"14":1,"15":0,"16":0,"17":0,"18":0,"19":0,"20":0,"21":0,"22":1,"23":0,"24":0,"25":0,"26":0,"27":0,"28":0,"29":0,"30":0,"31":1,"32":0,"33":0,"34":0,"35":0,"36":0,"37":0,"38":0,"39":1,"40":0,"41":0,"42":0,"43":0,"44":0,"45":0,"46":0,"47":1},"f":{"0":0,"1":0,"2":0,"3":0,"4":0,"5":0},"b":{"0":[0,0],"1":[0,0],"2":[0,0],"3":[0,0],"4":[0,0],"5":[0,0]},"_coverageSchema":"1a1c01bbd47fc00a2c39e90264f33305004495a9","hash":"7e5568958f310b965163832554059811a6e04546"}
,"D:\\code\\HTML\\New folder\\backend\\controller\\streakController.js": {"path":"D:\\code\\HTML\\New folder\\backend\\controller\\streakController.js","statementMap":{"0":{"start":{"line":6,"column":4},"end":{"line":6,"column":35}},"1":{"start":{"line":8,"column":18},"end":{"line":38,"column":1}},"2":{"start":{"line":9,"column":2},"end":{"line":37,"column":3}},"3":{"start":{"line":10,"column":33},"end":{"line":10,"column":41}},"4":{"start":{"line":12,"column":4},"end":{"line":16,"column":5}},"5":{"start":{"line":13,"column":6},"end":{"line":15,"column":9}},"6":{"start":{"line":18,"column":19},"end":{"line":18,"column":49}},"7":{"start":{"line":20,"column":4},"end":{"line":24,"column":5}},"8":{"start":{"line":21,"column":6},"end":{"line":23,"column":9}},"9":{"start":{"line":26,"column":19},"end":{"line":26,"column":55}},"10":{"start":{"line":28,"column":4},"end":{"line":31,"column":7}},"11":{"start":{"line":34,"column":4},"end":{"line":36,"column":7}},"12":{"start":{"line":40,"column":18},"end":{"line":59,"column":1}},"13":{"start":{"line":41,"column":2},"end":{"line":58,"column":3}},"14":{"start":{"line":42,"column":23},"end":{"line":42,"column":33}},"15":{"start":{"line":44,"column":19},"end":{"line":44,"column":48}},"16":{"start":{"line":46,"column":4},"end":{"line":50,"column":5}},"17":{"start":{"line":47,"column":6},"end":{"line":49,"column":9}},"18":{"start":{"line":52,"column":4},"end":{"line":52,"column":33}},"19":{"start":{"line":55,"column":4},"end":{"line":57,"column":7}},"20":{"start":{"line":61,"column":19},"end":{"line":109,"column":1}},"21":{"start":{"line":62,"column":2},"end":{"line":108,"column":3}},"22":{"start":{"line":63,"column":23},"end":{"line":63,"column":33}},"23":{"start":{"line":65,"column":19},"end":{"line":65,"column":48}},"24":{"start":{"line":67,"column":4},"end":{"line":71,"column":5}},"25":{"start":{"line":68,"column":6},"end":{"line":70,"column":9}},"26":{"start":{"line":73,"column":18},"end":{"line":73,"column":28}},"27":{"start":{"line":74,"column":17},"end":{"line":74,"column":46}},"28":{"start":{"line":77,"column":6},"end":{"line":77,"column":56}},"29":{"start":{"line":79,"column":18},"end":{"line":79,"column":39}},"30":{"start":{"line":81,"column":4},"end":{"line":85,"column":5}},"31":{"start":{"line":82,"column":6},"end":{"line":82,"column":16}},"32":{"start":{"line":83,"column":11},"end":{"line":85,"column":5}},"33":{"start":{"line":84,"column":6},"end":{"line":84,"column":18}},"34":{"start":{"line":88,"column":6},"end":{"line":90,"column":31}},"35":{"start":{"line":92,"column":20},"end":{"line":97,"column":5}},"36":{"start":{"line":99,"column":4},"end":{"line":102,"column":7}},"37":{"start":{"line":105,"column":4},"end":{"line":107,"column":7}},"38":{"start":{"line":111,"column":21},"end":{"line":132,"column":1}},"39":{"start":{"line":112,"column":2},"end":{"line":131,"column":3}},"40":{"start":{"line":113,"column":23},"end":{"line":113,"column":33}},"41":{"start":{"line":115,"column":19},"end":{"line":115,"column":45}},"42":{"start":{"line":117,"column":4},"end":{"line":121,"column":5}},"43":{"start":{"line":118,"column":6},"end":{"line":120,"column":9}},"44":{"start":{"line":123,"column":4},"end":{"line":125,"column":7}},"45":{"start":{"line":128,"column":4},"end":{"line":130,"column":7}},"46":{"start":{"line":134,"column":0},"end":{"line":139,"column":2}}},"fnMap":{"0":{"name":"(anonymous_0)","decl":{"start":{"line":8,"column":18},"end":{"line":8,"column":19}},"loc":{"start":{"line":8,"column":38},"end":{"line":38,"column":1}},"line":8},"1":{"name":"(anonymous_1)","decl":{"start":{"line":40,"column":18},"end":{"line":40,"column":19}},"loc":{"start":{"line":40,"column":38},"end":{"line":59,"column":1}},"line":40},"2":{"name":"(anonymous_2)","decl":{"start":{"line":61,"column":19},"end":{"line":61,"column":20}},"loc":{"start":{"line":61,"column":39},"end":{"line":109,"column":1}},"line":61},"3":{"name":"(anonymous_3)","decl":{"start":{"line":111,"column":21},"end":{"line":111,"column":22}},"loc":{"start":{"line":111,"column":41},"end":{"line":132,"column":1}},"line":111}},"branchMap":{"0":{"loc":{"start":{"line":12,"column":4},"end":{"line":16,"column":5}},"type":"if","locations":[{"start":{"line":12,"column":4},"end":{"line":16,"column":5}},{"start":{},"end":{}}],"line":12},"1":{"loc":{"start":{"line":12,"column":8},"end":{"line":12,"column":28}},"type":"binary-expr","locations":[{"start":{"line":12,"column":8},"end":{"line":12,"column":16}},{"start":{"line":12,"column":20},"end":{"line":12,"column":28}}],"line":12},"2":{"loc":{"start":{"line":20,"column":4},"end":{"line":24,"column":5}},"type":"if","locations":[{"start":{"line":20,"column":4},"end":{"line":24,"column":5}},{"start":{},"end":{}}],"line":20},"3":{"loc":{"start":{"line":46,"column":4},"end":{"line":50,"column":5}},"type":"if","locations":[{"start":{"line":46,"column":4},"end":{"line":50,"column":5}},{"start":{},"end":{}}],"line":46},"4":{"loc":{"start":{"line":67,"column":4},"end":{"line":71,"column":5}},"type":"if","locations":[{"start":{"line":67,"column":4},"end":{"line":71,"column":5}},{"start":{},"end":{}}],"line":67},"5":{"loc":{"start":{"line":81,"column":4},"end":{"line":85,"column":5}},"type":"if","locations":[{"start":{"line":81,"column":4},"end":{"line":85,"column":5}},{"start":{"line":83,"column":11},"end":{"line":85,"column":5}}],"line":81},"6":{"loc":{"start":{"line":83,"column":11},"end":{"line":85,"column":5}},"type":"if","locations":[{"start":{"line":83,"column":11},"end":{"line":85,"column":5}},{"start":{},"end":{}}],"line":83},"7":{"loc":{"start":{"line":88,"column":6},"end":{"line":90,"column":31}},"type":"cond-expr","locations":[{"start":{"line":89,"column":10},"end":{"line":89,"column":17}},{"start":{"line":90,"column":10},"end":{"line":90,"column":31}}],"line":88},"8":{"loc":{"start":{"line":117,"column":4},"end":{"line":121,"column":5}},"type":"if","locations":[{"start":{"line":117,"column":4},"end":{"line":121,"column":5}},{"start":{},"end":{}}],"line":117}},"s":{"0":1,"1":1,"2":0,"3":0,"4":0,"5":0,"6":0,"7":0,"8":0,"9":0,"10":0,"11":0,"12":1,"13":0,"14":0,"15":0,"16":0,"17":0,"18":0,"19":0,"20":1,"21":0,"22":0,"23":0,"24":0,"25":0,"26":0,"27":0,"28":0,"29":0,"30":0,"31":0,"32":0,"33":0,"34":0,"35":0,"36":0,"37":0,"38":1,"39":0,"40":0,"41":0,"42":0,"43":0,"44":0,"45":0,"46":1},"f":{"0":0,"1":0,"2":0,"3":0},"b":{"0":[0,0],"1":[0,0],"2":[0,0],"3":[0,0],"4":[0,0],"5":[0,0],"6":[0,0],"7":[0,0],"8":[0,0]},"_coverageSchema":"1a1c01bbd47fc00a2c39e90264f33305004495a9","hash":"b8c3ba6395dbf431e70bbcdf63ea13dd891bd819"}
,"D:\\code\\HTML\\New folder\\backend\\controller\\userController.js": {"path":"D:\\code\\HTML\\New folder\\backend\\controller\\userController.js","statementMap":{"0":{"start":{"line":11,"column":4},"end":{"line":11,"column":33}},"1":{"start":{"line":12,"column":18},"end":{"line":12,"column":47}},"2":{"start":{"line":14,"column":15},"end":{"line":14,"column":32}},"3":{"start":{"line":15,"column":12},"end":{"line":15,"column":35}},"4":{"start":{"line":16,"column":15},"end":{"line":16,"column":32}},"5":{"start":{"line":17,"column":13},"end":{"line":17,"column":38}},"6":{"start":{"line":19,"column":21},"end":{"line":67,"column":1}},"7":{"start":{"line":20,"column":2},"end":{"line":66,"column":3}},"8":{"start":{"line":21,"column":53},"end":{"line":21,"column":61}},"9":{"start":{"line":23,"column":4},"end":{"line":27,"column":5}},"10":{"start":{"line":24,"column":6},"end":{"line":26,"column":9}},"11":{"start":{"line":29,"column":27},"end":{"line":29,"column":61}},"12":{"start":{"line":30,"column":4},"end":{"line":34,"column":5}},"13":{"start":{"line":31,"column":6},"end":{"line":33,"column":9}},"14":{"start":{"line":36,"column":24},"end":{"line":36,"column":52}},"15":{"start":{"line":37,"column":4},"end":{"line":41,"column":5}},"16":{"start":{"line":38,"column":6},"end":{"line":40,"column":9}},"17":{"start":{"line":43,"column":27},"end":{"line":43,"column":58}},"18":{"start":{"line":45,"column":17},"end":{"line":50,"column":5}},"19":{"start":{"line":52,"column":4},"end":{"line":60,"column":7}},"20":{"start":{"line":62,"column":4},"end":{"line":65,"column":7}},"21":{"start":{"line":69,"column":18},"end":{"line":117,"column":1}},"22":{"start":{"line":70,"column":2},"end":{"line":116,"column":3}},"23":{"start":{"line":71,"column":32},"end":{"line":71,"column":40}},"24":{"start":{"line":73,"column":4},"end":{"line":77,"column":5}},"25":{"start":{"line":74,"column":6},"end":{"line":76,"column":9}},"26":{"start":{"line":79,"column":17},"end":{"line":79,"column":45}},"27":{"start":{"line":81,"column":4},"end":{"line":85,"column":5}},"28":{"start":{"line":82,"column":6},"end":{"line":84,"column":9}},"29":{"start":{"line":87,"column":18},"end":{"line":87,"column":63}},"30":{"start":{"line":89,"column":4},"end":{"line":93,"column":5}},"31":{"start":{"line":90,"column":6},"end":{"line":92,"column":9}},"32":{"start":{"line":95,"column":18},"end":{"line":99,"column":5}},"33":{"start":{"line":101,"column":4},"end":{"line":110,"column":7}},"34":{"start":{"line":112,"column":4},"end":{"line":115,"column":7}},"35":{"start":{"line":119,"column":19},"end":{"line":143,"column":1}},"36":{"start":{"line":120,"column":2},"end":{"line":142,"column":3}},"37":{"start":{"line":121,"column":17},"end":{"line":121,"column":53}},"38":{"start":{"line":123,"column":4},"end":{"line":127,"column":5}},"39":{"start":{"line":124,"column":6},"end":{"line":126,"column":9}},"40":{"start":{"line":129,"column":4},"end":{"line":136,"column":7}},"41":{"start":{"line":138,"column":4},"end":{"line":141,"column":7}},"42":{"start":{"line":145,"column":17},"end":{"line":154,"column":1}},"43":{"start":{"line":146,"column":2},"end":{"line":153,"column":3}},"44":{"start":{"line":147,"column":18},"end":{"line":147,"column":37}},"45":{"start":{"line":148,"column":4},"end":{"line":148,"column":32}},"46":{"start":{"line":150,"column":4},"end":{"line":152,"column":7}},"47":{"start":{"line":156,"column":23},"end":{"line":195,"column":1}},"48":{"start":{"line":157,"column":2},"end":{"line":194,"column":3}},"49":{"start":{"line":158,"column":45},"end":{"line":158,"column":53}},"50":{"start":{"line":160,"column":4},"end":{"line":164,"column":5}},"51":{"start":{"line":161,"column":6},"end":{"line":163,"column":9}},"52":{"start":{"line":166,"column":17},"end":{"line":166,"column":53}},"53":{"start":{"line":168,"column":4},"end":{"line":172,"column":5}},"54":{"start":{"line":169,"column":6},"end":{"line":171,"column":9}},"55":{"start":{"line":174,"column":18},"end":{"line":174,"column":70}},"56":{"start":{"line":176,"column":4},"end":{"line":180,"column":5}},"57":{"start":{"line":177,"column":6},"end":{"line":179,"column":9}},"58":{"start":{"line":182,"column":27},"end":{"line":182,"column":61}},"59":{"start":{"line":184,"column":4},"end":{"line":184,"column":59}},"60":{"start":{"line":186,"column":4},"end":{"line":188,"column":7}},"61":{"start":{"line":190,"column":4},"end":{"line":190,"column":23}},"62":{"start":{"line":191,"column":4},"end":{"line":193,"column":7}},"63":{"start":{"line":197,"column":23},"end":{"line":232,"column":1}},"64":{"start":{"line":198,"column":2},"end":{"line":231,"column":3}},"65":{"start":{"line":199,"column":25},"end":{"line":199,"column":33}},"66":{"start":{"line":201,"column":4},"end":{"line":205,"column":5}},"67":{"start":{"line":202,"column":6},"end":{"line":204,"column":9}},"68":{"start":{"line":207,"column":17},"end":{"line":207,"column":53}},"69":{"start":{"line":209,"column":4},"end":{"line":213,"column":5}},"70":{"start":{"line":210,"column":6},"end":{"line":212,"column":9}},"71":{"start":{"line":215,"column":24},"end":{"line":220,"column":5}},"72":{"start":{"line":222,"column":4},"end":{"line":225,"column":7}},"73":{"start":{"line":227,"column":4},"end":{"line":227,"column":23}},"74":{"start":{"line":228,"column":4},"end":{"line":230,"column":7}},"75":{"start":{"line":234,"column":27},"end":{"line":256,"column":1}},"76":{"start":{"line":235,"column":2},"end":{"line":255,"column":3}},"77":{"start":{"line":236,"column":4},"end":{"line":240,"column":5}},"78":{"start":{"line":237,"column":6},"end":{"line":239,"column":9}},"79":{"start":{"line":242,"column":18},"end":{"line":242,"column":49}},"80":{"start":{"line":244,"column":4},"end":{"line":244,"column":54}},"81":{"start":{"line":246,"column":4},"end":{"line":249,"column":7}},"82":{"start":{"line":251,"column":4},"end":{"line":251,"column":23}},"83":{"start":{"line":252,"column":4},"end":{"line":254,"column":7}},"84":{"start":{"line":258,"column":23},"end":{"line":306,"column":1}},"85":{"start":{"line":259,"column":2},"end":{"line":305,"column":3}},"86":{"start":{"line":260,"column":22},"end":{"line":260,"column":30}},"87":{"start":{"line":262,"column":4},"end":{"line":264,"column":5}},"88":{"start":{"line":263,"column":6},"end":{"line":263,"column":69}},"89":{"start":{"line":266,"column":17},"end":{"line":266,"column":45}},"90":{"start":{"line":267,"column":4},"end":{"line":269,"column":5}},"91":{"start":{"line":268,"column":6},"end":{"line":268,"column":82}},"92":{"start":{"line":272,"column":23},"end":{"line":276,"column":5}},"93":{"start":{"line":279,"column":21},"end":{"line":279,"column":73}},"94":{"start":{"line":282,"column":4},"end":{"line":294,"column":7}},"95":{"start":{"line":296,"column":4},"end":{"line":298,"column":7}},"96":{"start":{"line":300,"column":4},"end":{"line":300,"column":23}},"97":{"start":{"line":301,"column":4},"end":{"line":304,"column":7}},"98":{"start":{"line":308,"column":22},"end":{"line":345,"column":1}},"99":{"start":{"line":309,"column":2},"end":{"line":344,"column":3}},"100":{"start":{"line":310,"column":22},"end":{"line":310,"column":32}},"101":{"start":{"line":312,"column":24},"end":{"line":312,"column":90}},"102":{"start":{"line":314,"column":4},"end":{"line":318,"column":5}},"103":{"start":{"line":315,"column":6},"end":{"line":317,"column":9}},"104":{"start":{"line":321,"column":4},"end":{"line":325,"column":5}},"105":{"start":{"line":322,"column":6},"end":{"line":322,"column":60}},"106":{"start":{"line":324,"column":6},"end":{"line":324,"column":82}},"107":{"start":{"line":327,"column":17},"end":{"line":327,"column":52}},"108":{"start":{"line":328,"column":4},"end":{"line":330,"column":5}},"109":{"start":{"line":329,"column":6},"end":{"line":329,"column":66}},"110":{"start":{"line":332,"column":27},"end":{"line":332,"column":61}},"111":{"start":{"line":333,"column":4},"end":{"line":333,"column":55}},"112":{"start":{"line":335,"column":4},"end":{"line":337,"column":7}},"113":{"start":{"line":339,"column":4},"end":{"line":339,"column":23}},"114":{"start":{"line":340,"column":4},"end":{"line":343,"column":7}},"115":{"start":{"line":347,"column":0},"end":{"line":357,"column":2}}},"fnMap":{"0":{"name":"(anonymous_0)","decl":{"start":{"line":19,"column":21},"end":{"line":19,"column":22}},"loc":{"start":{"line":19,"column":41},"end":{"line":67,"column":1}},"line":19},"1":{"name":"(anonymous_1)","decl":{"start":{"line":69,"column":18},"end":{"line":69,"column":19}},"loc":{"start":{"line":69,"column":38},"end":{"line":117,"column":1}},"line":69},"2":{"name":"(anonymous_2)","decl":{"start":{"line":119,"column":19},"end":{"line":119,"column":20}},"loc":{"start":{"line":119,"column":39},"end":{"line":143,"column":1}},"line":119},"3":{"name":"(anonymous_3)","decl":{"start":{"line":145,"column":17},"end":{"line":145,"column":18}},"loc":{"start":{"line":145,"column":37},"end":{"line":154,"column":1}},"line":145},"4":{"name":"(anonymous_4)","decl":{"start":{"line":156,"column":23},"end":{"line":156,"column":24}},"loc":{"start":{"line":156,"column":43},"end":{"line":195,"column":1}},"line":156},"5":{"name":"(anonymous_5)","decl":{"start":{"line":197,"column":23},"end":{"line":197,"column":24}},"loc":{"start":{"line":197,"column":43},"end":{"line":232,"column":1}},"line":197},"6":{"name":"(anonymous_6)","decl":{"start":{"line":234,"column":27},"end":{"line":234,"column":28}},"loc":{"start":{"line":234,"column":47},"end":{"line":256,"column":1}},"line":234},"7":{"name":"(anonymous_7)","decl":{"start":{"line":258,"column":23},"end":{"line":258,"column":24}},"loc":{"start":{"line":258,"column":43},"end":{"line":306,"column":1}},"line":258},"8":{"name":"(anonymous_8)","decl":{"start":{"line":308,"column":22},"end":{"line":308,"column":23}},"loc":{"start":{"line":308,"column":42},"end":{"line":345,"column":1}},"line":308}},"branchMap":{"0":{"loc":{"start":{"line":23,"column":4},"end":{"line":27,"column":5}},"type":"if","locations":[{"start":{"line":23,"column":4},"end":{"line":27,"column":5}},{"start":{},"end":{}}],"line":23},"1":{"loc":{"start":{"line":23,"column":8},"end":{"line":23,"column":54}},"type":"binary-expr","locations":[{"start":{"line":23,"column":8},"end":{"line":23,"column":18}},{"start":{"line":23,"column":22},"end":{"line":23,"column":31}},{"start":{"line":23,"column":35},"end":{"line":23,"column":41}},{"start":{"line":23,"column":45},"end":{"line":23,"column":54}}],"line":23},"2":{"loc":{"start":{"line":30,"column":4},"end":{"line":34,"column":5}},"type":"if","locations":[{"start":{"line":30,"column":4},"end":{"line":34,"column":5}},{"start":{},"end":{}}],"line":30},"3":{"loc":{"start":{"line":37,"column":4},"end":{"line":41,"column":5}},"type":"if","locations":[{"start":{"line":37,"column":4},"end":{"line":41,"column":5}},{"start":{},"end":{}}],"line":37},"4":{"loc":{"start":{"line":73,"column":4},"end":{"line":77,"column":5}},"type":"if","locations":[{"start":{"line":73,"column":4},"end":{"line":77,"column":5}},{"start":{},"end":{}}],"line":73},"5":{"loc":{"start":{"line":73,"column":8},"end":{"line":73,"column":27}},"type":"binary-expr","locations":[{"start":{"line":73,"column":8},"end":{"line":73,"column":14}},{"start":{"line":73,"column":18},"end":{"line":73,"column":27}}],"line":73},"6":{"loc":{"start":{"line":81,"column":4},"end":{"line":85,"column":5}},"type":"if","locations":[{"start":{"line":81,"column":4},"end":{"line":85,"column":5}},{"start":{},"end":{}}],"line":81},"7":{"loc":{"start":{"line":89,"column":4},"end":{"line":93,"column":5}},"type":"if","locations":[{"start":{"line":89,"column":4},"end":{"line":93,"column":5}},{"start":{},"end":{}}],"line":89},"8":{"loc":{"start":{"line":123,"column":4},"end":{"line":127,"column":5}},"type":"if","locations":[{"start":{"line":123,"column":4},"end":{"line":127,"column":5}},{"start":{},"end":{}}],"line":123},"9":{"loc":{"start":{"line":160,"column":4},"end":{"line":164,"column":5}},"type":"if","locations":[{"start":{"line":160,"column":4},"end":{"line":164,"column":5}},{"start":{},"end":{}}],"line":160},"10":{"loc":{"start":{"line":160,"column":8},"end":{"line":160,"column":40}},"type":"binary-expr","locations":[{"start":{"line":160,"column":8},"end":{"line":160,"column":24}},{"start":{"line":160,"column":28},"end":{"line":160,"column":40}}],"line":160},"11":{"loc":{"start":{"line":168,"column":4},"end":{"line":172,"column":5}},"type":"if","locations":[{"start":{"line":168,"column":4},"end":{"line":172,"column":5}},{"start":{},"end":{}}],"line":168},"12":{"loc":{"start":{"line":176,"column":4},"end":{"line":180,"column":5}},"type":"if","locations":[{"start":{"line":176,"column":4},"end":{"line":180,"column":5}},{"start":{},"end":{}}],"line":176},"13":{"loc":{"start":{"line":201,"column":4},"end":{"line":205,"column":5}},"type":"if","locations":[{"start":{"line":201,"column":4},"end":{"line":205,"column":5}},{"start":{},"end":{}}],"line":201},"14":{"loc":{"start":{"line":209,"column":4},"end":{"line":213,"column":5}},"type":"if","locations":[{"start":{"line":209,"column":4},"end":{"line":213,"column":5}},{"start":{},"end":{}}],"line":209},"15":{"loc":{"start":{"line":236,"column":4},"end":{"line":240,"column":5}},"type":"if","locations":[{"start":{"line":236,"column":4},"end":{"line":240,"column":5}},{"start":{},"end":{}}],"line":236},"16":{"loc":{"start":{"line":262,"column":4},"end":{"line":264,"column":5}},"type":"if","locations":[{"start":{"line":262,"column":4},"end":{"line":264,"column":5}},{"start":{},"end":{}}],"line":262},"17":{"loc":{"start":{"line":267,"column":4},"end":{"line":269,"column":5}},"type":"if","locations":[{"start":{"line":267,"column":4},"end":{"line":269,"column":5}},{"start":{},"end":{}}],"line":267},"18":{"loc":{"start":{"line":312,"column":24},"end":{"line":312,"column":90}},"type":"binary-expr","locations":[{"start":{"line":312,"column":24},"end":{"line":312,"column":44}},{"start":{"line":312,"column":48},"end":{"line":312,"column":65}},{"start":{"line":312,"column":69},"end":{"line":312,"column":90}}],"line":312},"19":{"loc":{"start":{"line":314,"column":4},"end":{"line":318,"column":5}},"type":"if","locations":[{"start":{"line":314,"column":4},"end":{"line":318,"column":5}},{"start":{},"end":{}}],"line":314},"20":{"loc":{"start":{"line":328,"column":4},"end":{"line":330,"column":5}},"type":"if","locations":[{"start":{"line":328,"column":4},"end":{"line":330,"column":5}},{"start":{},"end":{}}],"line":328}},"s":{"0":1,"1":1,"2":1,"3":1,"4":1,"5":1,"6":1,"7":1,"8":1,"9":1,"10":0,"11":1,"12":1,"13":0,"14":1,"15":1,"16":0,"17":1,"18":1,"19":1,"20":0,"21":1,"22":0,"23":0,"24":0,"25":0,"26":0,"27":0,"28":0,"29":0,"30":0,"31":0,"32":0,"33":0,"34":0,"35":1,"36":0,"37":0,"38":0,"39":0,"40":0,"41":0,"42":1,"43":0,"44":0,"45":0,"46":0,"47":1,"48":0,"49":0,"50":0,"51":0,"52":0,"53":0,"54":0,"55":0,"56":0,"57":0,"58":0,"59":0,"60":0,"61":0,"62":0,"63":1,"64":0,"65":0,"66":0,"67":0,"68":0,"69":0,"70":0,"71":0,"72":0,"73":0,"74":0,"75":1,"76":0,"77":0,"78":0,"79":0,"80":0,"81":0,"82":0,"83":0,"84":1,"85":0,"86":0,"87":0,"88":0,"89":0,"90":0,"91":0,"92":0,"93":0,"94":0,"95":0,"96":0,"97":0,"98":1,"99":0,"100":0,"101":0,"102":0,"103":0,"104":0,"105":0,"106":0,"107":0,"108":0,"109":0,"110":0,"111":0,"112":0,"113":0,"114":0,"115":1},"f":{"0":1,"1":0,"2":0,"3":0,"4":0,"5":0,"6":0,"7":0,"8":0},"b":{"0":[0,1],"1":[1,1,1,1],"2":[0,1],"3":[0,1],"4":[0,0],"5":[0,0],"6":[0,0],"7":[0,0],"8":[0,0],"9":[0,0],"10":[0,0],"11":[0,0],"12":[0,0],"13":[0,0],"14":[0,0],"15":[0,0],"16":[0,0],"17":[0,0],"18":[0,0,0],"19":[0,0],"20":[0,0]},"_coverageSchema":"1a1c01bbd47fc00a2c39e90264f33305004495a9","hash":"e65982a3d3b8309249f281b68681c9e60bbfba0b"}
,"D:\\code\\HTML\\New folder\\backend\\database\\db.js": {"path":"D:\\code\\HTML\\New folder\\backend\\database\\db.js","statementMap":{"0":{"start":{"line":1,"column":17},"end":{"line":1,"column":30}},"1":{"start":{"line":3,"column":13},"end":{"line":9,"column":2}},"2":{"start":{"line":11,"column":0},"end":{"line":11,"column":56}},"3":{"start":{"line":13,"column":0},"end":{"line":13,"column":22}}},"fnMap":{},"branchMap":{},"s":{"0":1,"1":1,"2":1,"3":1},"f":{},"b":{},"_coverageSchema":"1a1c01bbd47fc00a2c39e90264f33305004495a9","hash":"fdcfe910e85d48000a1e39d10a56f35f4af1dfc0"}
,"D:\\code\\HTML\\New folder\\backend\\middleware\\authMiddleware.js": {"path":"D:\\code\\HTML\\New folder\\backend\\middleware\\authMiddleware.js","statementMap":{"0":{"start":{"line":1,"column":12},"end":{"line":1,"column":35}},"1":{"start":{"line":3,"column":23},"end":{"line":36,"column":1}},"2":{"start":{"line":5,"column":18},"end":{"line":5,"column":58}},"3":{"start":{"line":8,"column":4},"end":{"line":12,"column":5}},"4":{"start":{"line":9,"column":8},"end":{"line":11,"column":11}},"5":{"start":{"line":15,"column":4},"end":{"line":34,"column":5}},"6":{"start":{"line":17,"column":24},"end":{"line":20,"column":9}},"7":{"start":{"line":23,"column":8},"end":{"line":23,"column":27}},"8":{"start":{"line":25,"column":8},"end":{"line":25,"column":15}},"9":{"start":{"line":30,"column":8},"end":{"line":32,"column":11}},"10":{"start":{"line":39,"column":0},"end":{"line":39,"column":32}}},"fnMap":{"0":{"name":"(anonymous_0)","decl":{"start":{"line":3,"column":23},"end":{"line":3,"column":24}},"loc":{"start":{"line":3,"column":39},"end":{"line":36,"column":1}},"line":3}},"branchMap":{"0":{"loc":{"start":{"line":8,"column":4},"end":{"line":12,"column":5}},"type":"if","locations":[{"start":{"line":8,"column":4},"end":{"line":12,"column":5}},{"start":{},"end":{}}],"line":8}},"s":{"0":1,"1":1,"2":0,"3":0,"4":0,"5":0,"6":0,"7":0,"8":0,"9":0,"10":1},"f":{"0":0},"b":{"0":[0,0]},"_coverageSchema":"1a1c01bbd47fc00a2c39e90264f33305004495a9","hash":"df0c52fa521f44ef4d98aac172368760283476b5"}
,"D:\\code\\HTML\\New folder\\backend\\middleware\\verifyToken.js": {"path":"D:\\code\\HTML\\New folder\\backend\\middleware\\verifyToken.js","statementMap":{"0":{"start":{"line":1,"column":12},"end":{"line":1,"column":35}},"1":{"start":{"line":3,"column":20},"end":{"line":29,"column":1}},"2":{"start":{"line":4,"column":2},"end":{"line":28,"column":3}},"3":{"start":{"line":5,"column":23},"end":{"line":5,"column":48}},"4":{"start":{"line":7,"column":4},"end":{"line":11,"column":5}},"5":{"start":{"line":8,"column":6},"end":{"line":10,"column":9}},"6":{"start":{"line":13,"column":18},"end":{"line":13,"column":42}},"7":{"start":{"line":15,"column":20},"end":{"line":18,"column":5}},"8":{"start":{"line":19,"column":4},"end":{"line":19,"column":23}},"9":{"start":{"line":20,"column":4},"end":{"line":20,"column":11}},"10":{"start":{"line":22,"column":4},"end":{"line":22,"column":19}},"11":{"start":{"line":24,"column":4},"end":{"line":27,"column":7}},"12":{"start":{"line":31,"column":0},"end":{"line":31,"column":33}}},"fnMap":{"0":{"name":"(anonymous_0)","decl":{"start":{"line":3,"column":20},"end":{"line":3,"column":21}},"loc":{"start":{"line":3,"column":40},"end":{"line":29,"column":1}},"line":3}},"branchMap":{"0":{"loc":{"start":{"line":7,"column":4},"end":{"line":11,"column":5}},"type":"if","locations":[{"start":{"line":7,"column":4},"end":{"line":11,"column":5}},{"start":{},"end":{}}],"line":7}},"s":{"0":1,"1":1,"2":0,"3":0,"4":0,"5":0,"6":0,"7":0,"8":0,"9":0,"10":0,"11":0,"12":1},"f":{"0":0},"b":{"0":[0,0]},"_coverageSchema":"1a1c01bbd47fc00a2c39e90264f33305004495a9","hash":"e18e540d1d9fee7755b8d8f3c1ae530462f06a1d"}
,"D:\\code\\HTML\\New folder\\backend\\model\\dashboardModel.js": {"path":"D:\\code\\HTML\\New folder\\backend\\model\\dashboardModel.js","statementMap":{"0":{"start":{"line":1,"column":11},"end":{"line":1,"column":36}},"1":{"start":{"line":4,"column":28},"end":{"line":60,"column":1}},"2":{"start":{"line":6,"column":17},"end":{"line":57,"column":3}},"3":{"start":{"line":59,"column":2},"end":{"line":59,"column":24}},"4":{"start":{"line":63,"column":23},"end":{"line":75,"column":1}},"5":{"start":{"line":64,"column":15},"end":{"line":72,"column":3}},"6":{"start":{"line":74,"column":2},"end":{"line":74,"column":21}},"7":{"start":{"line":78,"column":25},"end":{"line":91,"column":1}},"8":{"start":{"line":79,"column":15},"end":{"line":88,"column":3}},"9":{"start":{"line":90,"column":2},"end":{"line":90,"column":21}},"10":{"start":{"line":94,"column":25},"end":{"line":110,"column":1}},"11":{"start":{"line":95,"column":17},"end":{"line":107,"column":3}},"12":{"start":{"line":109,"column":2},"end":{"line":109,"column":21}},"13":{"start":{"line":112,"column":0},"end":{"line":117,"column":2}}},"fnMap":{"0":{"name":"(anonymous_0)","decl":{"start":{"line":4,"column":28},"end":{"line":4,"column":29}},"loc":{"start":{"line":4,"column":47},"end":{"line":60,"column":1}},"line":4},"1":{"name":"(anonymous_1)","decl":{"start":{"line":63,"column":23},"end":{"line":63,"column":24}},"loc":{"start":{"line":63,"column":42},"end":{"line":75,"column":1}},"line":63},"2":{"name":"(anonymous_2)","decl":{"start":{"line":78,"column":25},"end":{"line":78,"column":26}},"loc":{"start":{"line":78,"column":44},"end":{"line":91,"column":1}},"line":78},"3":{"name":"(anonymous_3)","decl":{"start":{"line":94,"column":25},"end":{"line":94,"column":26}},"loc":{"start":{"line":94,"column":43},"end":{"line":110,"column":1}},"line":94}},"branchMap":{},"s":{"0":1,"1":1,"2":0,"3":0,"4":1,"5":0,"6":0,"7":1,"8":0,"9":0,"10":1,"11":0,"12":0,"13":1},"f":{"0":0,"1":0,"2":0,"3":0},"b":{},"_coverageSchema":"1a1c01bbd47fc00a2c39e90264f33305004495a9","hash":"e9291a0c63acd709418f7e3a840f4bada15fcb68"}
,"D:\\code\\HTML\\New folder\\backend\\model\\goalModel.js": {"path":"D:\\code\\HTML\\New folder\\backend\\model\\goalModel.js","statementMap":{"0":{"start":{"line":1,"column":13},"end":{"line":1,"column":38}},"1":{"start":{"line":3,"column":24},"end":{"line":25,"column":1}},"2":{"start":{"line":4,"column":20},"end":{"line":6,"column":3}},"3":{"start":{"line":8,"column":2},"end":{"line":8,"column":56}},"4":{"start":{"line":10,"column":17},"end":{"line":20,"column":3}},"5":{"start":{"line":22,"column":2},"end":{"line":22,"column":27}},"6":{"start":{"line":24,"column":2},"end":{"line":24,"column":21}},"7":{"start":{"line":27,"column":19},"end":{"line":52,"column":1}},"8":{"start":{"line":36,"column":17},"end":{"line":49,"column":3}},"9":{"start":{"line":51,"column":2},"end":{"line":51,"column":24}},"10":{"start":{"line":55,"column":23},"end":{"line":65,"column":1}},"11":{"start":{"line":56,"column":17},"end":{"line":62,"column":3}},"12":{"start":{"line":64,"column":2},"end":{"line":64,"column":21}},"13":{"start":{"line":68,"column":19},"end":{"line":103,"column":1}},"14":{"start":{"line":78,"column":17},"end":{"line":100,"column":1}},"15":{"start":{"line":102,"column":2},"end":{"line":102,"column":24}},"16":{"start":{"line":106,"column":19},"end":{"line":116,"column":1}},"17":{"start":{"line":107,"column":17},"end":{"line":113,"column":3}},"18":{"start":{"line":115,"column":2},"end":{"line":115,"column":24}},"19":{"start":{"line":118,"column":0},"end":{"line":124,"column":2}}},"fnMap":{"0":{"name":"(anonymous_0)","decl":{"start":{"line":3,"column":24},"end":{"line":3,"column":25}},"loc":{"start":{"line":3,"column":42},"end":{"line":25,"column":1}},"line":3},"1":{"name":"(anonymous_1)","decl":{"start":{"line":27,"column":19},"end":{"line":27,"column":20}},"loc":{"start":{"line":34,"column":5},"end":{"line":52,"column":1}},"line":34},"2":{"name":"(anonymous_2)","decl":{"start":{"line":55,"column":23},"end":{"line":55,"column":24}},"loc":{"start":{"line":55,"column":42},"end":{"line":65,"column":1}},"line":55},"3":{"name":"(anonymous_3)","decl":{"start":{"line":68,"column":19},"end":{"line":68,"column":20}},"loc":{"start":{"line":77,"column":5},"end":{"line":103,"column":1}},"line":77},"4":{"name":"(anonymous_4)","decl":{"start":{"line":106,"column":19},"end":{"line":106,"column":20}},"loc":{"start":{"line":106,"column":47},"end":{"line":116,"column":1}},"line":106}},"branchMap":{},"s":{"0":1,"1":1,"2":0,"3":0,"4":0,"5":0,"6":0,"7":1,"8":0,"9":0,"10":1,"11":0,"12":0,"13":1,"14":0,"15":0,"16":1,"17":0,"18":0,"19":1},"f":{"0":0,"1":0,"2":0,"3":0,"4":0},"b":{},"_coverageSchema":"1a1c01bbd47fc00a2c39e90264f33305004495a9","hash":"a95ff2b91c32a8ca410033091fd26a0916e11868"}
,"D:\\code\\HTML\\New folder\\backend\\model\\milestoneModel.js": {"path":"D:\\code\\HTML\\New folder\\backend\\model\\milestoneModel.js","statementMap":{"0":{"start":{"line":1,"column":13},"end":{"line":1,"column":38}},"1":{"start":{"line":4,"column":24},"end":{"line":14,"column":1}},"2":{"start":{"line":5,"column":17},"end":{"line":11,"column":3}},"3":{"start":{"line":13,"column":2},"end":{"line":13,"column":24}},"4":{"start":{"line":17,"column":28},"end":{"line":27,"column":1}},"5":{"start":{"line":18,"column":17},"end":{"line":24,"column":3}},"6":{"start":{"line":26,"column":2},"end":{"line":26,"column":21}},"7":{"start":{"line":30,"column":25},"end":{"line":39,"column":1}},"8":{"start":{"line":31,"column":17},"end":{"line":36,"column":3}},"9":{"start":{"line":38,"column":2},"end":{"line":38,"column":24}},"10":{"start":{"line":42,"column":24},"end":{"line":59,"column":1}},"11":{"start":{"line":48,"column":17},"end":{"line":56,"column":3}},"12":{"start":{"line":58,"column":2},"end":{"line":58,"column":24}},"13":{"start":{"line":62,"column":26},"end":{"line":72,"column":1}},"14":{"start":{"line":63,"column":17},"end":{"line":69,"column":3}},"15":{"start":{"line":71,"column":2},"end":{"line":71,"column":24}},"16":{"start":{"line":75,"column":24},"end":{"line":84,"column":1}},"17":{"start":{"line":76,"column":17},"end":{"line":81,"column":3}},"18":{"start":{"line":83,"column":2},"end":{"line":83,"column":24}},"19":{"start":{"line":86,"column":0},"end":{"line":93,"column":2}}},"fnMap":{"0":{"name":"(anonymous_0)","decl":{"start":{"line":4,"column":24},"end":{"line":4,"column":25}},"loc":{"start":{"line":4,"column":60},"end":{"line":14,"column":1}},"line":4},"1":{"name":"(anonymous_1)","decl":{"start":{"line":17,"column":28},"end":{"line":17,"column":29}},"loc":{"start":{"line":17,"column":47},"end":{"line":27,"column":1}},"line":17},"2":{"name":"(anonymous_2)","decl":{"start":{"line":30,"column":25},"end":{"line":30,"column":26}},"loc":{"start":{"line":30,"column":49},"end":{"line":39,"column":1}},"line":30},"3":{"name":"(anonymous_3)","decl":{"start":{"line":42,"column":24},"end":{"line":42,"column":25}},"loc":{"start":{"line":47,"column":5},"end":{"line":59,"column":1}},"line":47},"4":{"name":"(anonymous_4)","decl":{"start":{"line":62,"column":26},"end":{"line":62,"column":27}},"loc":{"start":{"line":62,"column":50},"end":{"line":72,"column":1}},"line":62},"5":{"name":"(anonymous_5)","decl":{"start":{"line":75,"column":24},"end":{"line":75,"column":25}},"loc":{"start":{"line":75,"column":48},"end":{"line":84,"column":1}},"line":75}},"branchMap":{},"s":{"0":1,"1":1,"2":0,"3":0,"4":1,"5":0,"6":0,"7":1,"8":0,"9":0,"10":1,"11":0,"12":0,"13":1,"14":0,"15":0,"16":1,"17":0,"18":0,"19":1},"f":{"0":0,"1":0,"2":0,"3":0,"4":0,"5":0},"b":{},"_coverageSchema":"1a1c01bbd47fc00a2c39e90264f33305004495a9","hash":"2224689599abb0bb4f81ae21099f84c52cc85e4e"}
,"D:\\code\\HTML\\New folder\\backend\\model\\progressModel.js": {"path":"D:\\code\\HTML\\New folder\\backend\\model\\progressModel.js","statementMap":{"0":{"start":{"line":1,"column":13},"end":{"line":1,"column":38}},"1":{"start":{"line":4,"column":20},"end":{"line":14,"column":1}},"2":{"start":{"line":5,"column":17},"end":{"line":11,"column":3}},"3":{"start":{"line":13,"column":2},"end":{"line":13,"column":24}},"4":{"start":{"line":17,"column":26},"end":{"line":27,"column":1}},"5":{"start":{"line":18,"column":17},"end":{"line":24,"column":3}},"6":{"start":{"line":26,"column":2},"end":{"line":26,"column":21}},"7":{"start":{"line":30,"column":23},"end":{"line":45,"column":1}},"8":{"start":{"line":35,"column":17},"end":{"line":42,"column":3}},"9":{"start":{"line":44,"column":2},"end":{"line":44,"column":24}},"10":{"start":{"line":48,"column":23},"end":{"line":57,"column":1}},"11":{"start":{"line":49,"column":17},"end":{"line":54,"column":3}},"12":{"start":{"line":56,"column":2},"end":{"line":56,"column":24}},"13":{"start":{"line":59,"column":0},"end":{"line":64,"column":2}}},"fnMap":{"0":{"name":"(anonymous_0)","decl":{"start":{"line":4,"column":20},"end":{"line":4,"column":21}},"loc":{"start":{"line":4,"column":62},"end":{"line":14,"column":1}},"line":4},"1":{"name":"(anonymous_1)","decl":{"start":{"line":17,"column":26},"end":{"line":17,"column":27}},"loc":{"start":{"line":17,"column":45},"end":{"line":27,"column":1}},"line":17},"2":{"name":"(anonymous_2)","decl":{"start":{"line":30,"column":23},"end":{"line":30,"column":24}},"loc":{"start":{"line":34,"column":5},"end":{"line":45,"column":1}},"line":34},"3":{"name":"(anonymous_3)","decl":{"start":{"line":48,"column":23},"end":{"line":48,"column":24}},"loc":{"start":{"line":48,"column":46},"end":{"line":57,"column":1}},"line":48}},"branchMap":{},"s":{"0":1,"1":1,"2":0,"3":0,"4":1,"5":0,"6":0,"7":1,"8":0,"9":0,"10":1,"11":0,"12":0,"13":1},"f":{"0":0,"1":0,"2":0,"3":0},"b":{},"_coverageSchema":"1a1c01bbd47fc00a2c39e90264f33305004495a9","hash":"b47604cb6b46851708472527892c4a804d85b074"}
,"D:\\code\\HTML\\New folder\\backend\\model\\reminderModel.js": {"path":"D:\\code\\HTML\\New folder\\backend\\model\\reminderModel.js","statementMap":{"0":{"start":{"line":1,"column":13},"end":{"line":1,"column":38}},"1":{"start":{"line":4,"column":23},"end":{"line":18,"column":1}},"2":{"start":{"line":9,"column":17},"end":{"line":15,"column":3}},"3":{"start":{"line":17,"column":2},"end":{"line":17,"column":24}},"4":{"start":{"line":21,"column":27},"end":{"line":31,"column":1}},"5":{"start":{"line":22,"column":17},"end":{"line":28,"column":3}},"6":{"start":{"line":30,"column":2},"end":{"line":30,"column":21}},"7":{"start":{"line":34,"column":24},"end":{"line":43,"column":1}},"8":{"start":{"line":35,"column":17},"end":{"line":40,"column":3}},"9":{"start":{"line":42,"column":2},"end":{"line":42,"column":24}},"10":{"start":{"line":46,"column":23},"end":{"line":65,"column":1}},"11":{"start":{"line":51,"column":17},"end":{"line":62,"column":3}},"12":{"start":{"line":64,"column":2},"end":{"line":64,"column":24}},"13":{"start":{"line":68,"column":23},"end":{"line":78,"column":1}},"14":{"start":{"line":69,"column":17},"end":{"line":75,"column":3}},"15":{"start":{"line":77,"column":2},"end":{"line":77,"column":24}},"16":{"start":{"line":81,"column":23},"end":{"line":90,"column":1}},"17":{"start":{"line":82,"column":17},"end":{"line":87,"column":3}},"18":{"start":{"line":89,"column":2},"end":{"line":89,"column":24}},"19":{"start":{"line":92,"column":0},"end":{"line":99,"column":2}}},"fnMap":{"0":{"name":"(anonymous_0)","decl":{"start":{"line":4,"column":23},"end":{"line":4,"column":24}},"loc":{"start":{"line":8,"column":5},"end":{"line":18,"column":1}},"line":8},"1":{"name":"(anonymous_1)","decl":{"start":{"line":21,"column":27},"end":{"line":21,"column":28}},"loc":{"start":{"line":21,"column":46},"end":{"line":31,"column":1}},"line":21},"2":{"name":"(anonymous_2)","decl":{"start":{"line":34,"column":24},"end":{"line":34,"column":25}},"loc":{"start":{"line":34,"column":47},"end":{"line":43,"column":1}},"line":34},"3":{"name":"(anonymous_3)","decl":{"start":{"line":46,"column":23},"end":{"line":46,"column":24}},"loc":{"start":{"line":50,"column":5},"end":{"line":65,"column":1}},"line":50},"4":{"name":"(anonymous_4)","decl":{"start":{"line":68,"column":23},"end":{"line":68,"column":24}},"loc":{"start":{"line":68,"column":46},"end":{"line":78,"column":1}},"line":68},"5":{"name":"(anonymous_5)","decl":{"start":{"line":81,"column":23},"end":{"line":81,"column":24}},"loc":{"start":{"line":81,"column":46},"end":{"line":90,"column":1}},"line":81}},"branchMap":{},"s":{"0":1,"1":1,"2":0,"3":0,"4":1,"5":0,"6":0,"7":1,"8":0,"9":0,"10":1,"11":0,"12":0,"13":1,"14":0,"15":0,"16":1,"17":0,"18":0,"19":1},"f":{"0":0,"1":0,"2":0,"3":0,"4":0,"5":0},"b":{},"_coverageSchema":"1a1c01bbd47fc00a2c39e90264f33305004495a9","hash":"163a156c6160f4b9e3a70f9f646be2fa532c8d7d"}
,"D:\\code\\HTML\\New folder\\backend\\model\\streakModel.js": {"path":"D:\\code\\HTML\\New folder\\backend\\model\\streakModel.js","statementMap":{"0":{"start":{"line":1,"column":13},"end":{"line":1,"column":38}},"1":{"start":{"line":3,"column":21},"end":{"line":13,"column":1}},"2":{"start":{"line":4,"column":17},"end":{"line":10,"column":3}},"3":{"start":{"line":12,"column":2},"end":{"line":12,"column":24}},"4":{"start":{"line":15,"column":24},"end":{"line":23,"column":1}},"5":{"start":{"line":16,"column":17},"end":{"line":20,"column":3}},"6":{"start":{"line":22,"column":2},"end":{"line":22,"column":24}},"7":{"start":{"line":25,"column":21},"end":{"line":47,"column":1}},"8":{"start":{"line":31,"column":17},"end":{"line":44,"column":3}},"9":{"start":{"line":46,"column":2},"end":{"line":46,"column":24}},"10":{"start":{"line":49,"column":21},"end":{"line":58,"column":1}},"11":{"start":{"line":50,"column":17},"end":{"line":55,"column":3}},"12":{"start":{"line":57,"column":2},"end":{"line":57,"column":24}},"13":{"start":{"line":60,"column":0},"end":{"line":65,"column":2}}},"fnMap":{"0":{"name":"(anonymous_0)","decl":{"start":{"line":3,"column":21},"end":{"line":3,"column":22}},"loc":{"start":{"line":3,"column":49},"end":{"line":13,"column":1}},"line":3},"1":{"name":"(anonymous_1)","decl":{"start":{"line":15,"column":24},"end":{"line":15,"column":25}},"loc":{"start":{"line":15,"column":43},"end":{"line":23,"column":1}},"line":15},"2":{"name":"(anonymous_2)","decl":{"start":{"line":25,"column":21},"end":{"line":25,"column":22}},"loc":{"start":{"line":30,"column":5},"end":{"line":47,"column":1}},"line":30},"3":{"name":"(anonymous_3)","decl":{"start":{"line":49,"column":21},"end":{"line":49,"column":22}},"loc":{"start":{"line":49,"column":40},"end":{"line":58,"column":1}},"line":49}},"branchMap":{},"s":{"0":1,"1":1,"2":0,"3":0,"4":1,"5":0,"6":0,"7":1,"8":0,"9":0,"10":1,"11":0,"12":0,"13":1},"f":{"0":0,"1":0,"2":0,"3":0},"b":{},"_coverageSchema":"1a1c01bbd47fc00a2c39e90264f33305004495a9","hash":"03837425ee0dc07dfd8461adc65e1db65f278699"}
,"D:\\code\\HTML\\New folder\\backend\\route\\dashboardRoute.js": {"path":"D:\\code\\HTML\\New folder\\backend\\route\\dashboardRoute.js","statementMap":{"0":{"start":{"line":1,"column":16},"end":{"line":1,"column":34}},"1":{"start":{"line":2,"column":15},"end":{"line":2,"column":31}},"2":{"start":{"line":10,"column":4},"end":{"line":10,"column":48}},"3":{"start":{"line":12,"column":24},"end":{"line":12,"column":60}},"4":{"start":{"line":15,"column":0},"end":{"line":15,"column":47}},"5":{"start":{"line":18,"column":0},"end":{"line":18,"column":54}},"6":{"start":{"line":21,"column":0},"end":{"line":21,"column":52}},"7":{"start":{"line":24,"column":0},"end":{"line":24,"column":58}},"8":{"start":{"line":26,"column":0},"end":{"line":26,"column":24}}},"fnMap":{},"branchMap":{},"s":{"0":1,"1":1,"2":1,"3":1,"4":1,"5":1,"6":1,"7":1,"8":1},"f":{},"b":{},"_coverageSchema":"1a1c01bbd47fc00a2c39e90264f33305004495a9","hash":"414323af382189a3b2b4f1c1373a2e1eb8f4e3d6"}
,"D:\\code\\HTML\\New folder\\backend\\route\\goalRoute.js": {"path":"D:\\code\\HTML\\New folder\\backend\\route\\goalRoute.js","statementMap":{"0":{"start":{"line":1,"column":16},"end":{"line":1,"column":34}},"1":{"start":{"line":2,"column":15},"end":{"line":2,"column":31}},"2":{"start":{"line":9,"column":4},"end":{"line":9,"column":43}},"3":{"start":{"line":11,"column":24},"end":{"line":11,"column":60}},"4":{"start":{"line":14,"column":0},"end":{"line":14,"column":52}},"5":{"start":{"line":17,"column":0},"end":{"line":17,"column":39}},"6":{"start":{"line":20,"column":0},"end":{"line":20,"column":42}},"7":{"start":{"line":22,"column":0},"end":{"line":22,"column":47}},"8":{"start":{"line":24,"column":0},"end":{"line":24,"column":24}}},"fnMap":{},"branchMap":{},"s":{"0":1,"1":1,"2":1,"3":1,"4":1,"5":1,"6":1,"7":1,"8":1},"f":{},"b":{},"_coverageSchema":"1a1c01bbd47fc00a2c39e90264f33305004495a9","hash":"cb4dd97240eb703b9d0f1565097ca2ef816b8314"}
,"D:\\code\\HTML\\New folder\\backend\\route\\milestoneRoute.js": {"path":"D:\\code\\HTML\\New folder\\backend\\route\\milestoneRoute.js","statementMap":{"0":{"start":{"line":1,"column":16},"end":{"line":1,"column":34}},"1":{"start":{"line":2,"column":15},"end":{"line":2,"column":31}},"2":{"start":{"line":11,"column":4},"end":{"line":11,"column":48}},"3":{"start":{"line":13,"column":24},"end":{"line":13,"column":60}},"4":{"start":{"line":16,"column":0},"end":{"line":16,"column":44}},"5":{"start":{"line":19,"column":0},"end":{"line":19,"column":56}},"6":{"start":{"line":22,"column":0},"end":{"line":22,"column":46}},"7":{"start":{"line":25,"column":0},"end":{"line":25,"column":47}},"8":{"start":{"line":28,"column":0},"end":{"line":28,"column":58}},"9":{"start":{"line":31,"column":0},"end":{"line":31,"column":52}},"10":{"start":{"line":33,"column":0},"end":{"line":33,"column":24}}},"fnMap":{},"branchMap":{},"s":{"0":1,"1":1,"2":1,"3":1,"4":1,"5":1,"6":1,"7":1,"8":1,"9":1,"10":1},"f":{},"b":{},"_coverageSchema":"1a1c01bbd47fc00a2c39e90264f33305004495a9","hash":"15270fb86615ab45de90053187a578cea74c50ee"}
,"D:\\code\\HTML\\New folder\\backend\\route\\progressRoute.js": {"path":"D:\\code\\HTML\\New folder\\backend\\route\\progressRoute.js","statementMap":{"0":{"start":{"line":1,"column":16},"end":{"line":1,"column":34}},"1":{"start":{"line":2,"column":15},"end":{"line":2,"column":31}},"2":{"start":{"line":9,"column":4},"end":{"line":9,"column":47}},"3":{"start":{"line":11,"column":24},"end":{"line":11,"column":60}},"4":{"start":{"line":13,"column":0},"end":{"line":13,"column":46}},"5":{"start":{"line":15,"column":0},"end":{"line":15,"column":49}},"6":{"start":{"line":17,"column":0},"end":{"line":17,"column":46}},"7":{"start":{"line":19,"column":0},"end":{"line":19,"column":51}},"8":{"start":{"line":21,"column":0},"end":{"line":21,"column":24}}},"fnMap":{},"branchMap":{},"s":{"0":1,"1":1,"2":1,"3":1,"4":1,"5":1,"6":1,"7":1,"8":1},"f":{},"b":{},"_coverageSchema":"1a1c01bbd47fc00a2c39e90264f33305004495a9","hash":"a4e6b819d55b15fd0c89cbc407b0eb603fd40265"}
,"D:\\code\\HTML\\New folder\\backend\\route\\reminderRoute.js": {"path":"D:\\code\\HTML\\New folder\\backend\\route\\reminderRoute.js","statementMap":{"0":{"start":{"line":1,"column":16},"end":{"line":1,"column":34}},"1":{"start":{"line":2,"column":15},"end":{"line":2,"column":31}},"2":{"start":{"line":11,"column":4},"end":{"line":11,"column":47}},"3":{"start":{"line":13,"column":24},"end":{"line":13,"column":60}},"4":{"start":{"line":16,"column":0},"end":{"line":16,"column":43}},"5":{"start":{"line":19,"column":0},"end":{"line":19,"column":43}},"6":{"start":{"line":22,"column":0},"end":{"line":22,"column":45}},"7":{"start":{"line":25,"column":0},"end":{"line":25,"column":46}},"8":{"start":{"line":28,"column":0},"end":{"line":28,"column":63}},"9":{"start":{"line":31,"column":0},"end":{"line":31,"column":51}},"10":{"start":{"line":33,"column":0},"end":{"line":33,"column":24}}},"fnMap":{},"branchMap":{},"s":{"0":1,"1":1,"2":1,"3":1,"4":1,"5":1,"6":1,"7":1,"8":1,"9":1,"10":1},"f":{},"b":{},"_coverageSchema":"1a1c01bbd47fc00a2c39e90264f33305004495a9","hash":"896d15876f153c19064a57b9c70cf07bb948dc9b"}
,"D:\\code\\HTML\\New folder\\backend\\route\\streakRoute.js": {"path":"D:\\code\\HTML\\New folder\\backend\\route\\streakRoute.js","statementMap":{"0":{"start":{"line":1,"column":16},"end":{"line":1,"column":34}},"1":{"start":{"line":2,"column":15},"end":{"line":2,"column":31}},"2":{"start":{"line":9,"column":4},"end":{"line":9,"column":45}},"3":{"start":{"line":11,"column":24},"end":{"line":11,"column":60}},"4":{"start":{"line":13,"column":0},"end":{"line":13,"column":41}},"5":{"start":{"line":15,"column":0},"end":{"line":15,"column":47}},"6":{"start":{"line":17,"column":0},"end":{"line":17,"column":48}},"7":{"start":{"line":19,"column":0},"end":{"line":19,"column":53}},"8":{"start":{"line":21,"column":0},"end":{"line":21,"column":24}}},"fnMap":{},"branchMap":{},"s":{"0":1,"1":1,"2":1,"3":1,"4":1,"5":1,"6":1,"7":1,"8":1},"f":{},"b":{},"_coverageSchema":"1a1c01bbd47fc00a2c39e90264f33305004495a9","hash":"0e578630e769d6de9e1392da0635929341d3eca0"}
,"D:\\code\\HTML\\New folder\\backend\\route\\userRoute.js": {"path":"D:\\code\\HTML\\New folder\\backend\\route\\userRoute.js","statementMap":{"0":{"start":{"line":1,"column":16},"end":{"line":1,"column":34}},"1":{"start":{"line":3,"column":15},"end":{"line":3,"column":31}},"2":{"start":{"line":15,"column":4},"end":{"line":15,"column":43}},"3":{"start":{"line":17,"column":23},"end":{"line":17,"column":62}},"4":{"start":{"line":20,"column":0},"end":{"line":20,"column":39}},"5":{"start":{"line":23,"column":0},"end":{"line":23,"column":33}},"6":{"start":{"line":26,"column":0},"end":{"line":26,"column":51}},"7":{"start":{"line":29,"column":0},"end":{"line":29,"column":26}},"8":{"start":{"line":32,"column":0},"end":{"line":32,"column":63}},"9":{"start":{"line":35,"column":0},"end":{"line":35,"column":63}},"10":{"start":{"line":38,"column":0},"end":{"line":38,"column":48}},"11":{"start":{"line":41,"column":0},"end":{"line":41,"column":53}},"12":{"start":{"line":43,"column":0},"end":{"line":43,"column":24}}},"fnMap":{},"branchMap":{},"s":{"0":1,"1":1,"2":1,"3":1,"4":1,"5":1,"6":1,"7":1,"8":1,"9":1,"10":1,"11":1,"12":1},"f":{},"b":{},"_coverageSchema":"1a1c01bbd47fc00a2c39e90264f33305004495a9","hash":"d13802445eab4b5ff10b341b7f1abf2ebe67624a"}
,"D:\\code\\HTML\\New folder\\backend\\utils\\sendEmail.js": {"path":"D:\\code\\HTML\\New folder\\backend\\utils\\sendEmail.js","statementMap":{"0":{"start":{"line":1,"column":19},"end":{"line":1,"column":40}},"1":{"start":{"line":3,"column":18},"end":{"line":23,"column":1}},"2":{"start":{"line":4,"column":22},"end":{"line":12,"column":4}},"3":{"start":{"line":14,"column":22},"end":{"line":20,"column":3}},"4":{"start":{"line":22,"column":2},"end":{"line":22,"column":42}},"5":{"start":{"line":25,"column":0},"end":{"line":25,"column":27}}},"fnMap":{"0":{"name":"(anonymous_0)","decl":{"start":{"line":3,"column":18},"end":{"line":3,"column":19}},"loc":{"start":{"line":3,"column":37},"end":{"line":23,"column":1}},"line":3}},"branchMap":{},"s":{"0":1,"1":1,"2":0,"3":0,"4":0,"5":1},"f":{"0":0},"b":{},"_coverageSchema":"1a1c01bbd47fc00a2c39e90264f33305004495a9","hash":"5d6ddec82ec05e6788e06046b3eb850aadf75d27"}
}
