TN:
SF:server.js
FN:25,(anonymous_0)
FN:39,(anonymous_1)
FNF:2
FNH:1
FNDA:0,(anonymous_0)
FNDA:1,(anonymous_1)
DA:1,1
DA:2,1
DA:3,1
DA:5,1
DA:7,1
DA:8,1
DA:9,1
DA:10,1
DA:11,1
DA:12,1
DA:13,1
DA:15,1
DA:17,1
DA:18,1
DA:19,1
DA:22,1
DA:24,1
DA:25,1
DA:26,0
DA:29,1
DA:30,1
DA:31,1
DA:32,1
DA:33,1
DA:34,1
DA:35,1
DA:36,1
DA:37,1
DA:39,1
DA:40,1
DA:43,1
LF:31
LH:30
BRDA:37,0,0,1
BRDA:37,0,1,0
BRF:2
BRH:1
end_of_record
TN:
SF:controller\dashboardController.js
FN:9,(anonymous_0)
FN:23,(anonymous_1)
FN:37,(anonymous_2)
FN:51,(anonymous_3)
FNF:4
FNH:0
FNDA:0,(anonymous_0)
FNDA:0,(anonymous_1)
FNDA:0,(anonymous_2)
FNDA:0,(anonymous_3)
DA:6,1
DA:9,1
DA:10,0
DA:11,0
DA:13,0
DA:16,0
DA:23,1
DA:24,0
DA:25,0
DA:27,0
DA:30,0
DA:37,1
DA:38,0
DA:39,0
DA:41,0
DA:44,0
DA:51,1
DA:52,0
DA:53,0
DA:55,0
DA:58,0
DA:65,1
LF:22
LH:6
BRF:0
BRH:0
end_of_record
TN:
SF:controller\goalController.js
FN:10,(anonymous_0)
FN:40,(anonymous_1)
FN:53,(anonymous_2)
FN:95,(anonymous_3)
FN:120,(anonymous_4)
FNF:5
FNH:0
FNDA:0,(anonymous_0)
FNDA:0,(anonymous_1)
FNDA:0,(anonymous_2)
FNDA:0,(anonymous_3)
FNDA:0,(anonymous_4)
DA:7,1
DA:10,1
DA:11,0
DA:12,0
DA:13,0
DA:14,0
DA:19,0
DA:28,0
DA:33,0
DA:40,1
DA:41,0
DA:42,0
DA:44,0
DA:46,0
DA:53,1
DA:54,0
DA:55,0
DA:64,0
DA:66,0
DA:77,0
DA:78,0
DA:83,0
DA:88,0
DA:95,1
DA:96,0
DA:97,0
DA:99,0
DA:104,0
DA:105,0
DA:110,0
DA:114,0
DA:120,1
DA:121,0
DA:122,0
DA:124,0
DA:126,0
DA:132,1
LF:37
LH:7
BRDA:13,0,0,0
BRDA:13,0,1,0
BRDA:77,1,0,0
BRDA:77,1,1,0
BRDA:104,2,0,0
BRDA:104,2,1,0
BRF:6
BRH:0
end_of_record
TN:
SF:controller\milestoneController.js
FN:11,(anonymous_0)
FN:40,(anonymous_1)
FN:56,(anonymous_2)
FN:78,(anonymous_3)
FN:109,(anonymous_4)
FN:134,(anonymous_5)
FNF:6
FNH:0
FNDA:0,(anonymous_0)
FNDA:0,(anonymous_1)
FNDA:0,(anonymous_2)
FNDA:0,(anonymous_3)
FNDA:0,(anonymous_4)
FNDA:0,(anonymous_5)
DA:8,1
DA:11,1
DA:12,0
DA:13,0
DA:15,0
DA:16,0
DA:21,0
DA:27,0
DA:33,0
DA:40,1
DA:41,0
DA:42,0
DA:44,0
DA:46,0
DA:49,0
DA:56,1
DA:57,0
DA:58,0
DA:60,0
DA:62,0
DA:63,0
DA:68,0
DA:71,0
DA:78,1
DA:79,0
DA:80,0
DA:81,0
DA:83,0
DA:90,0
DA:91,0
DA:96,0
DA:102,0
DA:109,1
DA:110,0
DA:111,0
DA:113,0
DA:115,0
DA:116,0
DA:121,0
DA:127,0
DA:134,1
DA:135,0
DA:136,0
DA:138,0
DA:140,0
DA:141,0
DA:146,0
DA:151,0
DA:157,1
LF:49
LH:8
BRDA:15,0,0,0
BRDA:15,0,1,0
BRDA:15,1,0,0
BRDA:15,1,1,0
BRDA:62,2,0,0
BRDA:62,2,1,0
BRDA:90,3,0,0
BRDA:90,3,1,0
BRDA:115,4,0,0
BRDA:115,4,1,0
BRDA:140,5,0,0
BRDA:140,5,1,0
BRF:12
BRH:0
end_of_record
TN:
SF:controller\progressController.js
FN:11,(anonymous_0)
FN:50,(anonymous_1)
FN:66,(anonymous_2)
FN:96,(anonymous_3)
FNF:4
FNH:0
FNDA:0,(anonymous_0)
FNDA:0,(anonymous_1)
FNDA:0,(anonymous_2)
FNDA:0,(anonymous_3)
DA:6,1
DA:8,1
DA:11,1
DA:12,0
DA:13,0
DA:15,0
DA:16,0
DA:21,0
DA:28,0
DA:29,0
DA:37,0
DA:43,0
DA:50,1
DA:51,0
DA:52,0
DA:54,0
DA:56,0
DA:59,0
DA:66,1
DA:67,0
DA:68,0
DA:69,0
DA:71,0
DA:77,0
DA:78,0
DA:83,0
DA:89,0
DA:96,1
DA:97,0
DA:98,0
DA:100,0
DA:102,0
DA:103,0
DA:108,0
DA:113,0
DA:119,1
LF:36
LH:7
BRDA:15,0,0,0
BRDA:15,0,1,0
BRDA:15,1,0,0
BRDA:15,1,1,0
BRDA:28,2,0,0
BRDA:28,2,1,0
BRDA:77,3,0,0
BRDA:77,3,1,0
BRDA:102,4,0,0
BRDA:102,4,1,0
BRF:10
BRH:0
end_of_record
TN:
SF:controller\reminderController.js
FN:11,(anonymous_0)
FN:40,(anonymous_1)
FN:54,(anonymous_2)
FN:76,(anonymous_3)
FN:106,(anonymous_4)
FN:131,(anonymous_5)
FNF:6
FNH:0
FNDA:0,(anonymous_0)
FNDA:0,(anonymous_1)
FNDA:0,(anonymous_2)
FNDA:0,(anonymous_3)
FNDA:0,(anonymous_4)
FNDA:0,(anonymous_5)
DA:8,1
DA:11,1
DA:12,0
DA:13,0
DA:15,0
DA:16,0
DA:21,0
DA:27,0
DA:33,0
DA:40,1
DA:41,0
DA:42,0
DA:44,0
DA:47,0
DA:54,1
DA:55,0
DA:56,0
DA:58,0
DA:60,0
DA:61,0
DA:66,0
DA:69,0
DA:76,1
DA:77,0
DA:78,0
DA:79,0
DA:81,0
DA:87,0
DA:88,0
DA:93,0
DA:99,0
DA:106,1
DA:107,0
DA:108,0
DA:110,0
DA:112,0
DA:113,0
DA:118,0
DA:124,0
DA:131,1
DA:132,0
DA:133,0
DA:135,0
DA:137,0
DA:138,0
DA:143,0
DA:148,0
DA:154,1
LF:48
LH:8
BRDA:15,0,0,0
BRDA:15,0,1,0
BRDA:15,1,0,0
BRDA:15,1,1,0
BRDA:60,2,0,0
BRDA:60,2,1,0
BRDA:87,3,0,0
BRDA:87,3,1,0
BRDA:112,4,0,0
BRDA:112,4,1,0
BRDA:137,5,0,0
BRDA:137,5,1,0
BRF:12
BRH:0
end_of_record
TN:
SF:controller\streakController.js
FN:8,(anonymous_0)
FN:40,(anonymous_1)
FN:61,(anonymous_2)
FN:111,(anonymous_3)
FNF:4
FNH:0
FNDA:0,(anonymous_0)
FNDA:0,(anonymous_1)
FNDA:0,(anonymous_2)
FNDA:0,(anonymous_3)
DA:6,1
DA:8,1
DA:9,0
DA:10,0
DA:12,0
DA:13,0
DA:18,0
DA:20,0
DA:21,0
DA:26,0
DA:28,0
DA:34,0
DA:40,1
DA:41,0
DA:42,0
DA:44,0
DA:46,0
DA:47,0
DA:52,0
DA:55,0
DA:61,1
DA:62,0
DA:63,0
DA:65,0
DA:67,0
DA:68,0
DA:73,0
DA:74,0
DA:77,0
DA:79,0
DA:81,0
DA:82,0
DA:83,0
DA:84,0
DA:88,0
DA:92,0
DA:99,0
DA:105,0
DA:111,1
DA:112,0
DA:113,0
DA:115,0
DA:117,0
DA:118,0
DA:123,0
DA:128,0
DA:134,1
LF:47
LH:6
BRDA:12,0,0,0
BRDA:12,0,1,0
BRDA:12,1,0,0
BRDA:12,1,1,0
BRDA:20,2,0,0
BRDA:20,2,1,0
BRDA:46,3,0,0
BRDA:46,3,1,0
BRDA:67,4,0,0
BRDA:67,4,1,0
BRDA:81,5,0,0
BRDA:81,5,1,0
BRDA:83,6,0,0
BRDA:83,6,1,0
BRDA:88,7,0,0
BRDA:88,7,1,0
BRDA:117,8,0,0
BRDA:117,8,1,0
BRF:18
BRH:0
end_of_record
TN:
SF:controller\userController.js
FN:19,(anonymous_0)
FN:69,(anonymous_1)
FN:119,(anonymous_2)
FN:145,(anonymous_3)
FN:156,(anonymous_4)
FN:197,(anonymous_5)
FN:234,(anonymous_6)
FN:258,(anonymous_7)
FN:308,(anonymous_8)
FNF:9
FNH:1
FNDA:1,(anonymous_0)
FNDA:0,(anonymous_1)
FNDA:0,(anonymous_2)
FNDA:0,(anonymous_3)
FNDA:0,(anonymous_4)
FNDA:0,(anonymous_5)
FNDA:0,(anonymous_6)
FNDA:0,(anonymous_7)
FNDA:0,(anonymous_8)
DA:11,1
DA:12,1
DA:14,1
DA:15,1
DA:16,1
DA:17,1
DA:19,1
DA:20,1
DA:21,1
DA:23,1
DA:24,0
DA:29,1
DA:30,1
DA:31,0
DA:36,1
DA:37,1
DA:38,0
DA:43,1
DA:45,1
DA:52,1
DA:62,0
DA:69,1
DA:70,0
DA:71,0
DA:73,0
DA:74,0
DA:79,0
DA:81,0
DA:82,0
DA:87,0
DA:89,0
DA:90,0
DA:95,0
DA:101,0
DA:112,0
DA:119,1
DA:120,0
DA:121,0
DA:123,0
DA:124,0
DA:129,0
DA:138,0
DA:145,1
DA:146,0
DA:147,0
DA:148,0
DA:150,0
DA:156,1
DA:157,0
DA:158,0
DA:160,0
DA:161,0
DA:166,0
DA:168,0
DA:169,0
DA:174,0
DA:176,0
DA:177,0
DA:182,0
DA:184,0
DA:186,0
DA:190,0
DA:191,0
DA:197,1
DA:198,0
DA:199,0
DA:201,0
DA:202,0
DA:207,0
DA:209,0
DA:210,0
DA:215,0
DA:222,0
DA:227,0
DA:228,0
DA:234,1
DA:235,0
DA:236,0
DA:237,0
DA:242,0
DA:244,0
DA:246,0
DA:251,0
DA:252,0
DA:258,1
DA:259,0
DA:260,0
DA:262,0
DA:263,0
DA:266,0
DA:267,0
DA:268,0
DA:272,0
DA:279,0
DA:282,0
DA:296,0
DA:300,0
DA:301,0
DA:308,1
DA:309,0
DA:310,0
DA:312,0
DA:314,0
DA:315,0
DA:321,0
DA:322,0
DA:324,0
DA:327,0
DA:328,0
DA:329,0
DA:332,0
DA:333,0
DA:335,0
DA:339,0
DA:340,0
DA:347,1
LF:116
LH:26
BRDA:23,0,0,0
BRDA:23,0,1,1
BRDA:23,1,0,1
BRDA:23,1,1,1
BRDA:23,1,2,1
BRDA:23,1,3,1
BRDA:30,2,0,0
BRDA:30,2,1,1
BRDA:37,3,0,0
BRDA:37,3,1,1
BRDA:73,4,0,0
BRDA:73,4,1,0
BRDA:73,5,0,0
BRDA:73,5,1,0
BRDA:81,6,0,0
BRDA:81,6,1,0
BRDA:89,7,0,0
BRDA:89,7,1,0
BRDA:123,8,0,0
BRDA:123,8,1,0
BRDA:160,9,0,0
BRDA:160,9,1,0
BRDA:160,10,0,0
BRDA:160,10,1,0
BRDA:168,11,0,0
BRDA:168,11,1,0
BRDA:176,12,0,0
BRDA:176,12,1,0
BRDA:201,13,0,0
BRDA:201,13,1,0
BRDA:209,14,0,0
BRDA:209,14,1,0
BRDA:236,15,0,0
BRDA:236,15,1,0
BRDA:262,16,0,0
BRDA:262,16,1,0
BRDA:267,17,0,0
BRDA:267,17,1,0
BRDA:312,18,0,0
BRDA:312,18,1,0
BRDA:312,18,2,0
BRDA:314,19,0,0
BRDA:314,19,1,0
BRDA:328,20,0,0
BRDA:328,20,1,0
BRF:45
BRH:7
end_of_record
TN:
SF:database\db.js
FNF:0
FNH:0
DA:1,1
DA:3,1
DA:11,1
DA:13,1
LF:4
LH:4
BRF:0
BRH:0
end_of_record
TN:
SF:middleware\authMiddleware.js
FN:3,(anonymous_0)
FNF:1
FNH:0
FNDA:0,(anonymous_0)
DA:1,1
DA:3,1
DA:5,0
DA:8,0
DA:9,0
DA:15,0
DA:17,0
DA:23,0
DA:25,0
DA:30,0
DA:39,1
LF:11
LH:3
BRDA:8,0,0,0
BRDA:8,0,1,0
BRF:2
BRH:0
end_of_record
TN:
SF:middleware\verifyToken.js
FN:3,(anonymous_0)
FNF:1
FNH:0
FNDA:0,(anonymous_0)
DA:1,1
DA:3,1
DA:4,0
DA:5,0
DA:7,0
DA:8,0
DA:13,0
DA:15,0
DA:19,0
DA:20,0
DA:22,0
DA:24,0
DA:31,1
LF:13
LH:3
BRDA:7,0,0,0
BRDA:7,0,1,0
BRF:2
BRH:0
end_of_record
TN:
SF:model\dashboardModel.js
FN:4,(anonymous_0)
FN:63,(anonymous_1)
FN:78,(anonymous_2)
FN:94,(anonymous_3)
FNF:4
FNH:0
FNDA:0,(anonymous_0)
FNDA:0,(anonymous_1)
FNDA:0,(anonymous_2)
FNDA:0,(anonymous_3)
DA:1,1
DA:4,1
DA:6,0
DA:59,0
DA:63,1
DA:64,0
DA:74,0
DA:78,1
DA:79,0
DA:90,0
DA:94,1
DA:95,0
DA:109,0
DA:112,1
LF:14
LH:6
BRF:0
BRH:0
end_of_record
TN:
SF:model\goalModel.js
FN:3,(anonymous_0)
FN:27,(anonymous_1)
FN:55,(anonymous_2)
FN:68,(anonymous_3)
FN:106,(anonymous_4)
FNF:5
FNH:0
FNDA:0,(anonymous_0)
FNDA:0,(anonymous_1)
FNDA:0,(anonymous_2)
FNDA:0,(anonymous_3)
FNDA:0,(anonymous_4)
DA:1,1
DA:3,1
DA:4,0
DA:8,0
DA:10,0
DA:22,0
DA:24,0
DA:27,1
DA:36,0
DA:51,0
DA:55,1
DA:56,0
DA:64,0
DA:68,1
DA:78,0
DA:102,0
DA:106,1
DA:107,0
DA:115,0
DA:118,1
LF:20
LH:7
BRF:0
BRH:0
end_of_record
TN:
SF:model\milestoneModel.js
FN:4,(anonymous_0)
FN:17,(anonymous_1)
FN:30,(anonymous_2)
FN:42,(anonymous_3)
FN:62,(anonymous_4)
FN:75,(anonymous_5)
FNF:6
FNH:0
FNDA:0,(anonymous_0)
FNDA:0,(anonymous_1)
FNDA:0,(anonymous_2)
FNDA:0,(anonymous_3)
FNDA:0,(anonymous_4)
FNDA:0,(anonymous_5)
DA:1,1
DA:4,1
DA:5,0
DA:13,0
DA:17,1
DA:18,0
DA:26,0
DA:30,1
DA:31,0
DA:38,0
DA:42,1
DA:48,0
DA:58,0
DA:62,1
DA:63,0
DA:71,0
DA:75,1
DA:76,0
DA:83,0
DA:86,1
LF:20
LH:8
BRF:0
BRH:0
end_of_record
TN:
SF:model\progressModel.js
FN:4,(anonymous_0)
FN:17,(anonymous_1)
FN:30,(anonymous_2)
FN:48,(anonymous_3)
FNF:4
FNH:0
FNDA:0,(anonymous_0)
FNDA:0,(anonymous_1)
FNDA:0,(anonymous_2)
FNDA:0,(anonymous_3)
DA:1,1
DA:4,1
DA:5,0
DA:13,0
DA:17,1
DA:18,0
DA:26,0
DA:30,1
DA:35,0
DA:44,0
DA:48,1
DA:49,0
DA:56,0
DA:59,1
LF:14
LH:6
BRF:0
BRH:0
end_of_record
TN:
SF:model\reminderModel.js
FN:4,(anonymous_0)
FN:21,(anonymous_1)
FN:34,(anonymous_2)
FN:46,(anonymous_3)
FN:68,(anonymous_4)
FN:81,(anonymous_5)
FNF:6
FNH:0
FNDA:0,(anonymous_0)
FNDA:0,(anonymous_1)
FNDA:0,(anonymous_2)
FNDA:0,(anonymous_3)
FNDA:0,(anonymous_4)
FNDA:0,(anonymous_5)
DA:1,1
DA:4,1
DA:9,0
DA:17,0
DA:21,1
DA:22,0
DA:30,0
DA:34,1
DA:35,0
DA:42,0
DA:46,1
DA:51,0
DA:64,0
DA:68,1
DA:69,0
DA:77,0
DA:81,1
DA:82,0
DA:89,0
DA:92,1
LF:20
LH:8
BRF:0
BRH:0
end_of_record
TN:
SF:model\streakModel.js
FN:3,(anonymous_0)
FN:15,(anonymous_1)
FN:25,(anonymous_2)
FN:49,(anonymous_3)
FNF:4
FNH:0
FNDA:0,(anonymous_0)
FNDA:0,(anonymous_1)
FNDA:0,(anonymous_2)
FNDA:0,(anonymous_3)
DA:1,1
DA:3,1
DA:4,0
DA:12,0
DA:15,1
DA:16,0
DA:22,0
DA:25,1
DA:31,0
DA:46,0
DA:49,1
DA:50,0
DA:57,0
DA:60,1
LF:14
LH:6
BRF:0
BRH:0
end_of_record
TN:
SF:route\dashboardRoute.js
FNF:0
FNH:0
DA:1,1
DA:2,1
DA:10,1
DA:12,1
DA:15,1
DA:18,1
DA:21,1
DA:24,1
DA:26,1
LF:9
LH:9
BRF:0
BRH:0
end_of_record
TN:
SF:route\goalRoute.js
FNF:0
FNH:0
DA:1,1
DA:2,1
DA:9,1
DA:11,1
DA:14,1
DA:17,1
DA:20,1
DA:22,1
DA:24,1
LF:9
LH:9
BRF:0
BRH:0
end_of_record
TN:
SF:route\milestoneRoute.js
FNF:0
FNH:0
DA:1,1
DA:2,1
DA:11,1
DA:13,1
DA:16,1
DA:19,1
DA:22,1
DA:25,1
DA:28,1
DA:31,1
DA:33,1
LF:11
LH:11
BRF:0
BRH:0
end_of_record
TN:
SF:route\progressRoute.js
FNF:0
FNH:0
DA:1,1
DA:2,1
DA:9,1
DA:11,1
DA:13,1
DA:15,1
DA:17,1
DA:19,1
DA:21,1
LF:9
LH:9
BRF:0
BRH:0
end_of_record
TN:
SF:route\reminderRoute.js
FNF:0
FNH:0
DA:1,1
DA:2,1
DA:11,1
DA:13,1
DA:16,1
DA:19,1
DA:22,1
DA:25,1
DA:28,1
DA:31,1
DA:33,1
LF:11
LH:11
BRF:0
BRH:0
end_of_record
TN:
SF:route\streakRoute.js
FNF:0
FNH:0
DA:1,1
DA:2,1
DA:9,1
DA:11,1
DA:13,1
DA:15,1
DA:17,1
DA:19,1
DA:21,1
LF:9
LH:9
BRF:0
BRH:0
end_of_record
TN:
SF:route\userRoute.js
FNF:0
FNH:0
DA:1,1
DA:3,1
DA:15,1
DA:17,1
DA:20,1
DA:23,1
DA:26,1
DA:29,1
DA:32,1
DA:35,1
DA:38,1
DA:41,1
DA:43,1
LF:13
LH:13
BRF:0
BRH:0
end_of_record
TN:
SF:utils\sendEmail.js
FN:3,(anonymous_0)
FNF:1
FNH:0
FNDA:0,(anonymous_0)
DA:1,1
DA:3,1
DA:4,0
DA:14,0
DA:22,0
DA:25,1
LF:6
LH:3
BRF:0
BRH:0
end_of_record
